
# Opened logfile. (2017-01-10 13:23:18.219345)
HUB - Initializing hub...
HUB - Set run name to "first"
SCRAPE - (0.000) :: Starting Hacker News scraper...
SCRAPE - (0.000) :: 
SCRAPE - (0.001) :: Querying new stories...
SCRAPE - (2.548) :: Obtained story list
SCRAPE - (2.548) :: Found 500 articles
SCRAPE - (2.548) :: Querying article 13368013...
SCRAPE - (2.856) :: 	Article obtained. - 1/500
SCRAPE - (2.857) :: Querying article 13368006...
SCRAPE - (3.126) :: 	Article obtained. - 2/500
SCRAPE - (3.155) :: Querying article 13368003...
SCRAPE - (3.445) :: 	Article obtained. - 3/500
SCRAPE - (3.446) :: Querying article 13367991...
SCRAPE - (3.726) :: 	Article obtained. - 4/500
SCRAPE - (3.727) :: Querying article 13367984...
SCRAPE - (4.008) :: 	Article obtained. - 5/500
SCRAPE - (4.009) :: Querying article 13367969...
SCRAPE - (4.310) :: 	Article obtained. - 6/500
SCRAPE - (4.311) :: Querying article 13367963...
SCRAPE - (4.579) :: 	Article obtained. - 7/500
SCRAPE - (4.580) :: Querying article 13367954...
SCRAPE - (4.857) :: 	Article obtained. - 8/500
SCRAPE - (4.858) :: Querying article 13367939...
SCRAPE - (5.478) :: 	Article obtained. - 9/500
SCRAPE - (5.479) :: Querying article 13367932...
SCRAPE - (5.754) :: 	Article obtained. - 10/500
SCRAPE - (5.755) :: Querying article 13367928...
SCRAPE - (6.027) :: 	Article obtained. - 11/500
SCRAPE - (6.067) :: Querying article 13367927...
SCRAPE - (6.349) :: 	Article obtained. - 12/500
SCRAPE - (6.350) :: Querying article 13367924...
SCRAPE - (6.632) :: 	Article obtained. - 13/500
SCRAPE - (6.633) :: Querying article 13367921...
SCRAPE - (6.914) :: 	Article obtained. - 14/500
SCRAPE - (6.915) :: Querying article 13367919...
SCRAPE - (7.197) :: 	Article obtained. - 15/500
SCRAPE - (7.198) :: Querying article 13367911...
SCRAPE - (7.484) :: 	Article obtained. - 16/500
SCRAPE - (7.502) :: Querying article 13367905...
SCRAPE - (7.784) :: 	Article obtained. - 17/500
SCRAPE - (7.785) :: Querying article 13367902...
SCRAPE - (8.073) :: 	Article obtained. - 18/500
SCRAPE - (8.074) :: Querying article 13367879...
SCRAPE - (8.349) :: 	Article obtained. - 19/500
SCRAPE - (8.350) :: Querying article 13367878...
SCRAPE - (8.622) :: 	Article obtained. - 20/500
SCRAPE - (8.623) :: Querying article 13367858...
SCRAPE - (8.907) :: 	Article obtained. - 21/500
SCRAPE - (8.908) :: Querying article 13367835...
SCRAPE - (9.196) :: 	Article obtained. - 22/500
SCRAPE - (9.197) :: Querying article 13367829...
SCRAPE - (9.470) :: 	Article obtained. - 23/500
SCRAPE - (9.471) :: Querying article 13367828...
SCRAPE - (9.738) :: 	Article obtained. - 24/500
SCRAPE - (9.739) :: Querying article 13367807...
SCRAPE - (10.028) :: 	Article obtained. - 25/500
SCRAPE - (10.029) :: Querying article 13367804...
SCRAPE - (10.313) :: 	Article obtained. - 26/500
SCRAPE - (10.315) :: Querying article 13367803...
SCRAPE - (12.000) :: 	Article obtained. - 27/500
SCRAPE - (12.002) :: Querying article 13367790...
SCRAPE - (12.317) :: 	Article obtained. - 28/500
SCRAPE - (12.319) :: Querying article 13367789...
SCRAPE - (12.608) :: 	Article obtained. - 29/500
SCRAPE - (12.610) :: Querying article 13367778...
SCRAPE - (12.888) :: 	Article obtained. - 30/500
SCRAPE - (12.889) :: Querying article 13367777...
SCRAPE - (13.192) :: 	Article obtained. - 31/500
SCRAPE - (13.194) :: Querying article 13367776...
SCRAPE - (13.477) :: 	Article obtained. - 32/500
SCRAPE - (13.479) :: Querying article 13367772...
SCRAPE - (13.758) :: 	Article obtained. - 33/500
SCRAPE - (13.761) :: Querying article 13367751...
SCRAPE - (14.042) :: 	Article obtained. - 34/500
SCRAPE - (14.044) :: Querying article 13367734...
SCRAPE - (14.337) :: 	Article obtained. - 35/500
SCRAPE - (14.339) :: Querying article 13367726...
SCRAPE - (14.611) :: 	Article obtained. - 36/500
SCRAPE - (14.613) :: Querying article 13367723...
SCRAPE - (14.892) :: 	Article obtained. - 37/500
SCRAPE - (14.894) :: Querying article 13367719...
SCRAPE - (15.171) :: 	Article obtained. - 38/500
SCRAPE - (15.173) :: Querying article 13367711...
SCRAPE - (15.451) :: 	Article obtained. - 39/500
SCRAPE - (15.452) :: Querying article 13367709...
SCRAPE - (15.758) :: 	Article obtained. - 40/500
SCRAPE - (15.760) :: Querying article 13367706...
SCRAPE - (16.039) :: 	Article obtained. - 41/500
SCRAPE - (16.041) :: Querying article 13367705...
SCRAPE - (16.328) :: 	Article obtained. - 42/500
SCRAPE - (16.330) :: Querying article 13367701...
SCRAPE - (16.609) :: 	Article obtained. - 43/500
SCRAPE - (16.610) :: Querying article 13367685...
SCRAPE - (16.890) :: 	Article obtained. - 44/500
SCRAPE - (16.893) :: Querying article 13367680...
SCRAPE - (17.175) :: 	Article obtained. - 45/500
SCRAPE - (17.176) :: Querying article 13367679...
SCRAPE - (17.465) :: 	Article obtained. - 46/500
SCRAPE - (17.467) :: Querying article 13367676...
SCRAPE - (18.969) :: 	Article obtained. - 47/500
SCRAPE - (18.970) :: Querying article 13367671...
SCRAPE - (19.277) :: 	Article obtained. - 48/500
SCRAPE - (19.279) :: Querying article 13367670...
SCRAPE - (19.603) :: 	Article obtained. - 49/500
SCRAPE - (19.606) :: Querying article 13367662...
SCRAPE - (19.876) :: 	Article obtained. - 50/500
SCRAPE - (19.878) :: Querying article 13367659...
SCRAPE - (20.266) :: 	Article obtained. - 51/500
SCRAPE - (20.269) :: Querying article 13367653...
SCRAPE - (20.547) :: 	Article obtained. - 52/500
SCRAPE - (20.550) :: Querying article 13367650...
SCRAPE - (20.834) :: 	Article obtained. - 53/500
SCRAPE - (20.837) :: Querying article 13367639...
SCRAPE - (21.156) :: 	Article obtained. - 54/500
SCRAPE - (21.158) :: Querying article 13367629...
SCRAPE - (21.440) :: 	Article obtained. - 55/500
SCRAPE - (21.442) :: Querying article 13367624...
SCRAPE - (21.721) :: 	Article obtained. - 56/500
SCRAPE - (21.724) :: Querying article 13367613...
SCRAPE - (22.002) :: 	Article obtained. - 57/500
SCRAPE - (22.004) :: Querying article 13367584...
SCRAPE - (22.280) :: 	Article obtained. - 58/500
SCRAPE - (22.282) :: Querying article 13367576...
SCRAPE - (22.569) :: 	Article obtained. - 59/500
SCRAPE - (22.572) :: Querying article 13367551...
SCRAPE - (22.866) :: 	Article obtained. - 60/500
SCRAPE - (22.868) :: Querying article 13367540...
SCRAPE - (23.146) :: 	Article obtained. - 61/500
SCRAPE - (23.147) :: Querying article 13367531...
SCRAPE - (23.434) :: 	Article obtained. - 62/500
SCRAPE - (23.436) :: Querying article 13367514...
SCRAPE - (23.716) :: 	Article obtained. - 63/500
SCRAPE - (23.718) :: Querying article 13367505...
SCRAPE - (23.999) :: 	Article obtained. - 64/500
SCRAPE - (24.001) :: Querying article 13367486...
SCRAPE - (24.290) :: 	Article obtained. - 65/500
SCRAPE - (24.292) :: Querying article 13367481...
SCRAPE - (24.575) :: 	Article obtained. - 66/500
SCRAPE - (24.577) :: Querying article 13367467...
SCRAPE - (24.877) :: 	Article obtained. - 67/500
SCRAPE - (24.879) :: Querying article 13367455...
SCRAPE - (25.154) :: 	Article obtained. - 68/500
SCRAPE - (25.160) :: Querying article 13367435...
SCRAPE - (25.434) :: 	Article obtained. - 69/500
SCRAPE - (25.436) :: Querying article 13367426...
SCRAPE - (26.355) :: 	Article obtained. - 70/500
SCRAPE - (26.357) :: Querying article 13367408...
SCRAPE - (26.631) :: 	Article obtained. - 71/500
SCRAPE - (26.634) :: Querying article 13367396...
SCRAPE - (26.918) :: 	Article obtained. - 72/500
SCRAPE - (26.922) :: Querying article 13367394...
SCRAPE - (27.204) :: 	Article obtained. - 73/500
SCRAPE - (27.205) :: Querying article 13367380...
SCRAPE - (27.487) :: 	Article obtained. - 74/500
SCRAPE - (27.489) :: Querying article 13367354...
SCRAPE - (27.762) :: 	Article obtained. - 75/500
SCRAPE - (27.764) :: Querying article 13367343...
SCRAPE - (28.046) :: 	Article obtained. - 76/500
SCRAPE - (28.048) :: Querying article 13367315...
SCRAPE - (29.165) :: 	Article obtained. - 77/500
SCRAPE - (29.168) :: Querying article 13367305...
SCRAPE - (29.452) :: 	Article obtained. - 78/500
SCRAPE - (29.455) :: Querying article 13367293...
SCRAPE - (29.745) :: 	Article obtained. - 79/500
SCRAPE - (29.747) :: Querying article 13367244...
SCRAPE - (30.022) :: 	Article obtained. - 80/500
SCRAPE - (30.024) :: Querying article 13367240...
SCRAPE - (30.309) :: 	Article obtained. - 81/500
SCRAPE - (30.312) :: Querying article 13367220...
SCRAPE - (30.594) :: 	Article obtained. - 82/500
SCRAPE - (30.596) :: Querying article 13367215...
SCRAPE - (30.879) :: 	Article obtained. - 83/500
SCRAPE - (30.881) :: Querying article 13367208...
SCRAPE - (31.157) :: 	Article obtained. - 84/500
SCRAPE - (31.160) :: Querying article 13367187...
SCRAPE - (31.439) :: 	Article obtained. - 85/500
SCRAPE - (31.441) :: Querying article 13367178...
SCRAPE - (31.726) :: 	Article obtained. - 86/500
SCRAPE - (31.728) :: Querying article 13367177...
SCRAPE - (32.007) :: 	Article obtained. - 87/500
SCRAPE - (32.009) :: Querying article 13367154...
SCRAPE - (32.306) :: 	Article obtained. - 88/500
SCRAPE - (32.309) :: Querying article 13367147...
SCRAPE - (32.584) :: 	Article obtained. - 89/500
SCRAPE - (32.586) :: Querying article 13367102...
SCRAPE - (34.473) :: 	Article obtained. - 90/500
SCRAPE - (34.475) :: Querying article 13367077...
SCRAPE - (34.766) :: 	Article obtained. - 91/500
SCRAPE - (34.768) :: Querying article 13367073...
SCRAPE - (35.042) :: 	Article obtained. - 92/500
SCRAPE - (35.044) :: Querying article 13367072...
SCRAPE - (35.329) :: 	Article obtained. - 93/500
SCRAPE - (35.331) :: Querying article 13367036...
SCRAPE - (35.602) :: 	Article obtained. - 94/500
SCRAPE - (35.605) :: Querying article 13367022...
SCRAPE - (35.878) :: 	Article obtained. - 95/500
SCRAPE - (35.881) :: Querying article 13367016...
SCRAPE - (36.185) :: 	Article obtained. - 96/500
SCRAPE - (36.188) :: Querying article 13367015...
SCRAPE - (36.499) :: 	Article obtained. - 97/500
SCRAPE - (36.502) :: Querying article 13367012...
SCRAPE - (36.783) :: 	Article obtained. - 98/500
SCRAPE - (36.785) :: Querying article 13367002...
SCRAPE - (37.059) :: 	Article obtained. - 99/500
SCRAPE - (37.061) :: Querying article 13366997...
SCRAPE - (37.342) :: 	Article obtained. - 100/500
SCRAPE - (37.344) :: Querying article 13366984...
SCRAPE - (37.614) :: 	Article obtained. - 101/500
SCRAPE - (37.617) :: Querying article 13366974...
SCRAPE - (37.895) :: 	Article obtained. - 102/500
SCRAPE - (37.897) :: Querying article 13366964...
SCRAPE - (38.197) :: 	Article obtained. - 103/500
SCRAPE - (38.200) :: Querying article 13366958...
SCRAPE - (38.471) :: 	Article obtained. - 104/500
SCRAPE - (38.474) :: Querying article 13366952...
SCRAPE - (38.778) :: 	Article obtained. - 105/500
SCRAPE - (38.796) :: Querying article 13366951...
SCRAPE - (39.072) :: 	Article obtained. - 106/500
SCRAPE - (39.074) :: Querying article 13366914...
SCRAPE - (39.345) :: 	Article obtained. - 107/500
SCRAPE - (39.349) :: Querying article 13366905...
SCRAPE - (40.423) :: 	Article obtained. - 108/500
SCRAPE - (40.425) :: Querying article 13366902...
SCRAPE - (40.699) :: 	Article obtained. - 109/500
SCRAPE - (40.701) :: Querying article 13366873...
SCRAPE - (40.979) :: 	Article obtained. - 110/500
SCRAPE - (40.982) :: Querying article 13366867...
SCRAPE - (41.262) :: 	Article obtained. - 111/500
SCRAPE - (41.265) :: Querying article 13366862...
SCRAPE - (41.537) :: 	Article obtained. - 112/500
SCRAPE - (41.540) :: Querying article 13366861...
SCRAPE - (41.824) :: 	Article obtained. - 113/500
SCRAPE - (41.827) :: Querying article 13366852...
SCRAPE - (42.100) :: 	Article obtained. - 114/500
SCRAPE - (42.103) :: Querying article 13366849...
SCRAPE - (42.375) :: 	Article obtained. - 115/500
SCRAPE - (42.378) :: Querying article 13366843...
SCRAPE - (42.664) :: 	Article obtained. - 116/500
SCRAPE - (42.667) :: Querying article 13366841...
SCRAPE - (42.952) :: 	Article obtained. - 117/500
SCRAPE - (42.954) :: Querying article 13366840...
SCRAPE - (43.233) :: 	Article obtained. - 118/500
SCRAPE - (43.236) :: Querying article 13366830...
SCRAPE - (43.513) :: 	Article obtained. - 119/500
SCRAPE - (43.515) :: Querying article 13366819...
SCRAPE - (43.791) :: 	Article obtained. - 120/500
SCRAPE - (43.794) :: Querying article 13366815...
SCRAPE - (44.063) :: 	Article obtained. - 121/500
SCRAPE - (44.066) :: Querying article 13366813...
SCRAPE - (44.349) :: 	Article obtained. - 122/500
SCRAPE - (44.353) :: Querying article 13366805...
SCRAPE - (44.631) :: 	Article obtained. - 123/500
SCRAPE - (44.634) :: Querying article 13366762...
SCRAPE - (44.903) :: 	Article obtained. - 124/500
SCRAPE - (44.907) :: Querying article 13366749...
SCRAPE - (45.188) :: 	Article obtained. - 125/500
SCRAPE - (45.191) :: Querying article 13366740...
SCRAPE - (45.472) :: 	Article obtained. - 126/500
SCRAPE - (45.476) :: Querying article 13366738...
SCRAPE - (45.748) :: 	Article obtained. - 127/500
SCRAPE - (45.751) :: Querying article 13366732...
SCRAPE - (48.869) :: 	Article obtained. - 128/500
SCRAPE - (48.872) :: Querying article 13366725...
SCRAPE - (49.148) :: 	Article obtained. - 129/500
SCRAPE - (49.151) :: Querying article 13366716...
SCRAPE - (49.433) :: 	Article obtained. - 130/500
SCRAPE - (49.437) :: Querying article 13366708...
SCRAPE - (49.741) :: 	Article obtained. - 131/500
SCRAPE - (49.746) :: Querying article 13366691...
SCRAPE - (50.028) :: 	Article obtained. - 132/500
SCRAPE - (50.031) :: Querying article 13366684...
SCRAPE - (50.315) :: 	Article obtained. - 133/500
SCRAPE - (50.318) :: Querying article 13366683...
SCRAPE - (50.594) :: 	Article obtained. - 134/500
SCRAPE - (50.597) :: Querying article 13366676...
SCRAPE - (50.885) :: 	Article obtained. - 135/500
SCRAPE - (50.888) :: Querying article 13366675...
SCRAPE - (51.186) :: 	Article obtained. - 136/500
SCRAPE - (51.189) :: Querying article 13366669...
SCRAPE - (51.465) :: 	Article obtained. - 137/500
SCRAPE - (51.469) :: Querying article 13366668...
SCRAPE - (51.749) :: 	Article obtained. - 138/500
SCRAPE - (51.753) :: Querying article 13366658...
SCRAPE - (52.041) :: 	Article obtained. - 139/500
SCRAPE - (52.044) :: Querying article 13366645...
SCRAPE - (52.360) :: 	Article obtained. - 140/500
SCRAPE - (52.363) :: Querying article 13366637...
SCRAPE - (52.638) :: 	Article obtained. - 141/500
SCRAPE - (52.642) :: Querying article 13366629...
SCRAPE - (54.333) :: 	Article obtained. - 142/500
SCRAPE - (54.338) :: Querying article 13366628...
SCRAPE - (54.645) :: 	Article obtained. - 143/500
SCRAPE - (54.649) :: Querying article 13366627...
SCRAPE - (54.941) :: 	Article obtained. - 144/500
SCRAPE - (54.944) :: Querying article 13366624...
SCRAPE - (55.218) :: 	Article obtained. - 145/500
SCRAPE - (55.220) :: Querying article 13366615...
SCRAPE - (55.512) :: 	Article obtained. - 146/500
SCRAPE - (55.516) :: Querying article 13366614...
SCRAPE - (55.785) :: 	Article obtained. - 147/500
SCRAPE - (55.789) :: Querying article 13366591...
SCRAPE - (57.550) :: 	Article obtained. - 148/500
SCRAPE - (57.552) :: Querying article 13366568...
SCRAPE - (57.832) :: 	Article obtained. - 149/500
SCRAPE - (57.834) :: Querying article 13366558...
SCRAPE - (59.094) :: 	Article obtained. - 150/500
SCRAPE - (59.096) :: Querying article 13366555...
SCRAPE - (59.378) :: 	Article obtained. - 151/500
SCRAPE - (59.381) :: Querying article 13366547...
SCRAPE - (59.656) :: 	Article obtained. - 152/500
SCRAPE - (59.659) :: Querying article 13366542...
SCRAPE - (59.939) :: 	Article obtained. - 153/500
SCRAPE - (59.944) :: Querying article 13366531...
SCRAPE - (60.232) :: 	Article obtained. - 154/500
SCRAPE - (60.237) :: Querying article 13366530...
SCRAPE - (60.528) :: 	Article obtained. - 155/500
SCRAPE - (60.532) :: Querying article 13366522...
SCRAPE - (60.811) :: 	Article obtained. - 156/500
SCRAPE - (60.814) :: Querying article 13366520...
SCRAPE - (61.117) :: 	Article obtained. - 157/500
SCRAPE - (61.121) :: Querying article 13366517...
SCRAPE - (61.394) :: 	Article obtained. - 158/500
SCRAPE - (61.399) :: Querying article 13366513...
SCRAPE - (61.696) :: 	Article obtained. - 159/500
SCRAPE - (61.699) :: Querying article 13366498...
SCRAPE - (61.973) :: 	Article obtained. - 160/500
SCRAPE - (61.977) :: Querying article 13366489...
SCRAPE - (62.255) :: 	Article obtained. - 161/500
SCRAPE - (62.259) :: Querying article 13366484...
SCRAPE - (63.639) :: 	Article obtained. - 162/500
SCRAPE - (63.642) :: Querying article 13366474...
SCRAPE - (63.932) :: 	Article obtained. - 163/500
SCRAPE - (63.934) :: Querying article 13366472...
SCRAPE - (64.218) :: 	Article obtained. - 164/500
SCRAPE - (64.221) :: Querying article 13366471...
SCRAPE - (64.498) :: 	Article obtained. - 165/500
SCRAPE - (64.503) :: Querying article 13366452...
SCRAPE - (64.816) :: 	Article obtained. - 166/500
SCRAPE - (64.820) :: Querying article 13366445...
SCRAPE - (65.098) :: 	Article obtained. - 167/500
SCRAPE - (65.102) :: Querying article 13366441...
SCRAPE - (65.380) :: 	Article obtained. - 168/500
SCRAPE - (65.384) :: Querying article 13366437...
SCRAPE - (65.658) :: 	Article obtained. - 169/500
SCRAPE - (65.661) :: Querying article 13366418...
SCRAPE - (65.940) :: 	Article obtained. - 170/500
SCRAPE - (65.943) :: Querying article 13366398...
SCRAPE - (66.221) :: 	Article obtained. - 171/500
SCRAPE - (66.224) :: Querying article 13366392...
SCRAPE - (66.508) :: 	Article obtained. - 172/500
SCRAPE - (66.512) :: Querying article 13366372...
SCRAPE - (66.793) :: 	Article obtained. - 173/500
SCRAPE - (66.799) :: Querying article 13366356...
SCRAPE - (67.068) :: 	Article obtained. - 174/500
SCRAPE - (67.071) :: Querying article 13366349...
SCRAPE - (67.365) :: 	Article obtained. - 175/500
SCRAPE - (67.369) :: Querying article 13366338...
SCRAPE - (68.090) :: 	Article obtained. - 176/500
SCRAPE - (68.106) :: Querying article 13366304...
SCRAPE - (68.403) :: 	Article obtained. - 177/500
SCRAPE - (68.407) :: Querying article 13366281...
SCRAPE - (68.693) :: 	Article obtained. - 178/500
SCRAPE - (68.697) :: Querying article 13366275...
SCRAPE - (68.972) :: 	Article obtained. - 179/500
SCRAPE - (68.974) :: Querying article 13366274...
SCRAPE - (69.256) :: 	Article obtained. - 180/500
SCRAPE - (69.260) :: Querying article 13366255...
SCRAPE - (69.535) :: 	Article obtained. - 181/500
SCRAPE - (69.541) :: Querying article 13366228...
SCRAPE - (69.823) :: 	Article obtained. - 182/500
SCRAPE - (69.827) :: Querying article 13366227...
SCRAPE - (70.120) :: 	Article obtained. - 183/500
SCRAPE - (70.125) :: Querying article 13366216...
SCRAPE - (70.566) :: 	Article obtained. - 184/500
SCRAPE - (70.571) :: Querying article 13366214...
SCRAPE - (70.850) :: 	Article obtained. - 185/500
SCRAPE - (70.853) :: Querying article 13366211...
SCRAPE - (71.133) :: 	Article obtained. - 186/500
SCRAPE - (71.137) :: Querying article 13366210...
SCRAPE - (71.410) :: 	Article obtained. - 187/500
SCRAPE - (71.416) :: Querying article 13366208...
SCRAPE - (71.695) :: 	Article obtained. - 188/500
SCRAPE - (71.698) :: Querying article 13366200...
SCRAPE - (71.970) :: 	Article obtained. - 189/500
SCRAPE - (71.975) :: Querying article 13366174...
SCRAPE - (72.257) :: 	Article obtained. - 190/500
SCRAPE - (72.260) :: Querying article 13366170...
SCRAPE - (72.536) :: 	Article obtained. - 191/500
SCRAPE - (72.539) :: Querying article 13366169...
SCRAPE - (72.832) :: 	Article obtained. - 192/500
SCRAPE - (72.837) :: Querying article 13366165...
SCRAPE - (73.129) :: 	Article obtained. - 193/500
SCRAPE - (73.378) :: Querying article 13366154...
SCRAPE - (73.653) :: 	Article obtained. - 194/500
SCRAPE - (73.656) :: Querying article 13366153...
SCRAPE - (73.935) :: 	Article obtained. - 195/500
SCRAPE - (73.938) :: Querying article 13366139...
SCRAPE - (74.209) :: 	Article obtained. - 196/500
SCRAPE - (74.212) :: Querying article 13366127...
SCRAPE - (74.487) :: 	Article obtained. - 197/500
SCRAPE - (74.490) :: Querying article 13366125...
SCRAPE - (74.765) :: 	Article obtained. - 198/500
SCRAPE - (74.770) :: Querying article 13366123...
SCRAPE - (75.053) :: 	Article obtained. - 199/500
SCRAPE - (75.058) :: Querying article 13366107...
SCRAPE - (75.336) :: 	Article obtained. - 200/500
SCRAPE - (75.341) :: Querying article 13366106...
SCRAPE - (76.759) :: 	Article obtained. - 201/500
SCRAPE - (76.763) :: Querying article 13366098...
SCRAPE - (77.039) :: 	Article obtained. - 202/500
SCRAPE - (77.044) :: Querying article 13366073...
SCRAPE - (77.312) :: 	Article obtained. - 203/500
SCRAPE - (77.315) :: Querying article 13366061...
SCRAPE - (77.610) :: 	Article obtained. - 204/500
SCRAPE - (77.615) :: Querying article 13366047...
SCRAPE - (77.910) :: 	Article obtained. - 205/500
SCRAPE - (77.913) :: Querying article 13366043...
SCRAPE - (78.193) :: 	Article obtained. - 206/500
SCRAPE - (78.199) :: Querying article 13366039...
SCRAPE - (78.477) :: 	Article obtained. - 207/500
SCRAPE - (78.482) :: Querying article 13366038...
SCRAPE - (78.755) :: 	Article obtained. - 208/500
SCRAPE - (78.759) :: Querying article 13366035...
SCRAPE - (79.039) :: 	Article obtained. - 209/500
SCRAPE - (79.045) :: Querying article 13366032...
SCRAPE - (79.328) :: 	Article obtained. - 210/500
SCRAPE - (79.332) :: Querying article 13366027...
SCRAPE - (79.611) :: 	Article obtained. - 211/500
SCRAPE - (79.616) :: Querying article 13366025...
SCRAPE - (79.888) :: 	Article obtained. - 212/500
SCRAPE - (79.892) :: Querying article 13366011...
SCRAPE - (80.177) :: 	Article obtained. - 213/500
SCRAPE - (80.181) :: Querying article 13366009...
SCRAPE - (80.457) :: 	Article obtained. - 214/500
SCRAPE - (80.507) :: Querying article 13366007...
SCRAPE - (80.803) :: 	Article obtained. - 215/500
SCRAPE - (80.808) :: Querying article 13365984...
SCRAPE - (81.098) :: 	Article obtained. - 216/500
SCRAPE - (81.103) :: Querying article 13365974...
SCRAPE - (81.650) :: 	Article obtained. - 217/500
SCRAPE - (81.653) :: Querying article 13365965...
SCRAPE - (81.952) :: 	Article obtained. - 218/500
SCRAPE - (81.957) :: Querying article 13365963...
SCRAPE - (84.424) :: 	Article obtained. - 219/500
SCRAPE - (84.427) :: Querying article 13365960...
SCRAPE - (84.703) :: 	Article obtained. - 220/500
SCRAPE - (84.709) :: Querying article 13365957...
SCRAPE - (84.978) :: 	Article obtained. - 221/500
SCRAPE - (84.982) :: Querying article 13365944...
SCRAPE - (85.261) :: 	Article obtained. - 222/500
SCRAPE - (85.266) :: Querying article 13365923...
SCRAPE - (85.535) :: 	Article obtained. - 223/500
SCRAPE - (85.539) :: Querying article 13365920...
SCRAPE - (86.867) :: 	Article obtained. - 224/500
SCRAPE - (86.872) :: Querying article 13365919...
SCRAPE - (87.152) :: 	Article obtained. - 225/500
SCRAPE - (87.156) :: Querying article 13365914...
SCRAPE - (87.431) :: 	Article obtained. - 226/500
SCRAPE - (87.437) :: Querying article 13365909...
SCRAPE - (87.713) :: 	Article obtained. - 227/500
SCRAPE - (87.717) :: Querying article 13365893...
SCRAPE - (87.991) :: 	Article obtained. - 228/500
SCRAPE - (87.995) :: Querying article 13365878...
SCRAPE - (88.268) :: 	Article obtained. - 229/500
SCRAPE - (88.274) :: Querying article 13365854...
SCRAPE - (88.553) :: 	Article obtained. - 230/500
SCRAPE - (88.557) :: Querying article 13365853...
SCRAPE - (88.826) :: 	Article obtained. - 231/500
SCRAPE - (88.831) :: Querying article 13365848...
SCRAPE - (89.099) :: 	Article obtained. - 232/500
SCRAPE - (89.104) :: Querying article 13365846...
SCRAPE - (95.904) :: 	Article obtained. - 233/500
SCRAPE - (95.908) :: Querying article 13365835...
SCRAPE - (96.186) :: 	Article obtained. - 234/500
SCRAPE - (96.191) :: Querying article 13365827...
SCRAPE - (96.470) :: 	Article obtained. - 235/500
SCRAPE - (96.475) :: Querying article 13365822...
SCRAPE - (96.758) :: 	Article obtained. - 236/500
SCRAPE - (96.763) :: Querying article 13365806...
SCRAPE - (97.040) :: 	Article obtained. - 237/500
SCRAPE - (97.045) :: Querying article 13365800...
SCRAPE - (97.324) :: 	Article obtained. - 238/500
SCRAPE - (97.329) :: Querying article 13365792...
SCRAPE - (97.608) :: 	Article obtained. - 239/500
SCRAPE - (97.613) :: Querying article 13365779...
SCRAPE - (97.891) :: 	Article obtained. - 240/500
SCRAPE - (97.896) :: Querying article 13365776...
SCRAPE - (98.169) :: 	Article obtained. - 241/500
SCRAPE - (98.174) :: Querying article 13365774...
SCRAPE - (98.464) :: 	Article obtained. - 242/500
SCRAPE - (98.467) :: Querying article 13365765...
SCRAPE - (100.147) :: 	Article obtained. - 243/500
SCRAPE - (100.151) :: Querying article 13365760...
SCRAPE - (101.152) :: 	Article obtained. - 244/500
SCRAPE - (101.157) :: Querying article 13365759...
SCRAPE - (101.444) :: 	Article obtained. - 245/500
SCRAPE - (101.449) :: Querying article 13365751...
SCRAPE - (101.730) :: 	Article obtained. - 246/500
SCRAPE - (101.735) :: Querying article 13365750...
SCRAPE - (102.018) :: 	Article obtained. - 247/500
SCRAPE - (102.023) :: Querying article 13365744...
SCRAPE - (102.306) :: 	Article obtained. - 248/500
SCRAPE - (102.312) :: Querying article 13365737...
SCRAPE - (102.590) :: 	Article obtained. - 249/500
SCRAPE - (102.594) :: Querying article 13365732...
SCRAPE - (102.883) :: 	Article obtained. - 250/500
SCRAPE - (102.888) :: Querying article 13365730...
SCRAPE - (103.175) :: 	Article obtained. - 251/500
SCRAPE - (103.186) :: Querying article 13365716...
SCRAPE - (103.469) :: 	Article obtained. - 252/500
SCRAPE - (103.474) :: Querying article 13365682...
SCRAPE - (103.769) :: 	Article obtained. - 253/500
SCRAPE - (103.775) :: Querying article 13365675...
SCRAPE - (104.059) :: 	Article obtained. - 254/500
SCRAPE - (104.063) :: Querying article 13365670...
SCRAPE - (104.342) :: 	Article obtained. - 255/500
SCRAPE - (104.346) :: Querying article 13365669...
SCRAPE - (104.623) :: 	Article obtained. - 256/500
SCRAPE - (104.628) :: Querying article 13365658...
SCRAPE - (104.906) :: 	Article obtained. - 257/500
SCRAPE - (104.910) :: Querying article 13365652...
SCRAPE - (105.195) :: 	Article obtained. - 258/500
SCRAPE - (105.199) :: Querying article 13365645...
SCRAPE - (105.476) :: 	Article obtained. - 259/500
SCRAPE - (105.481) :: Querying article 13365639...
SCRAPE - (105.936) :: 	Article obtained. - 260/500
SCRAPE - (105.943) :: Querying article 13365619...
SCRAPE - (106.231) :: 	Article obtained. - 261/500
SCRAPE - (106.237) :: Querying article 13365616...
SCRAPE - (106.536) :: 	Article obtained. - 262/500
SCRAPE - (106.541) :: Querying article 13365607...
SCRAPE - (106.827) :: 	Article obtained. - 263/500
SCRAPE - (106.833) :: Querying article 13365602...
SCRAPE - (107.113) :: 	Article obtained. - 264/500
SCRAPE - (107.118) :: Querying article 13365597...
SCRAPE - (107.395) :: 	Article obtained. - 265/500
SCRAPE - (107.399) :: Querying article 13365582...
SCRAPE - (107.724) :: 	Article obtained. - 266/500
SCRAPE - (107.728) :: Querying article 13365577...
SCRAPE - (108.014) :: 	Article obtained. - 267/500
SCRAPE - (108.019) :: Querying article 13365569...
SCRAPE - (108.311) :: 	Article obtained. - 268/500
SCRAPE - (108.315) :: Querying article 13365562...
SCRAPE - (108.603) :: 	Article obtained. - 269/500
SCRAPE - (108.706) :: Querying article 13365559...
SCRAPE - (108.989) :: 	Article obtained. - 270/500
SCRAPE - (108.993) :: Querying article 13365544...
SCRAPE - (109.287) :: 	Article obtained. - 271/500
SCRAPE - (109.292) :: Querying article 13365542...
SCRAPE - (109.578) :: 	Article obtained. - 272/500
SCRAPE - (109.582) :: Querying article 13365540...
SCRAPE - (109.861) :: 	Article obtained. - 273/500
SCRAPE - (109.866) :: Querying article 13365534...
SCRAPE - (110.663) :: 	Article obtained. - 274/500
SCRAPE - (110.668) :: Querying article 13365497...
SCRAPE - (110.939) :: 	Article obtained. - 275/500
SCRAPE - (110.944) :: Querying article 13365492...
SCRAPE - (111.223) :: 	Article obtained. - 276/500
SCRAPE - (111.266) :: Querying article 13365487...
SCRAPE - (111.555) :: 	Article obtained. - 277/500
SCRAPE - (113.056) :: Querying article 13365483...
SCRAPE - (113.332) :: 	Article obtained. - 278/500
SCRAPE - (113.336) :: Querying article 13365470...
SCRAPE - (113.610) :: 	Article obtained. - 279/500
SCRAPE - (113.616) :: Querying article 13365468...
SCRAPE - (113.909) :: 	Article obtained. - 280/500
SCRAPE - (113.914) :: Querying article 13365464...
SCRAPE - (114.189) :: 	Article obtained. - 281/500
SCRAPE - (114.369) :: Querying article 13365456...
SCRAPE - (114.652) :: 	Article obtained. - 282/500
SCRAPE - (114.657) :: Querying article 13365455...
SCRAPE - (114.933) :: 	Article obtained. - 283/500
SCRAPE - (114.938) :: Querying article 13365454...
SCRAPE - (115.234) :: 	Article obtained. - 284/500
SCRAPE - (115.239) :: Querying article 13365444...
SCRAPE - (115.516) :: 	Article obtained. - 285/500
SCRAPE - (116.213) :: Querying article 13365430...
SCRAPE - (116.496) :: 	Article obtained. - 286/500
SCRAPE - (116.501) :: Querying article 13365423...
SCRAPE - (116.782) :: 	Article obtained. - 287/500
SCRAPE - (116.787) :: Querying article 13365410...
SCRAPE - (117.071) :: 	Article obtained. - 288/500
SCRAPE - (117.076) :: Querying article 13365404...
SCRAPE - (117.352) :: 	Article obtained. - 289/500
SCRAPE - (117.356) :: Querying article 13365401...
SCRAPE - (118.555) :: 	Article obtained. - 290/500
SCRAPE - (118.560) :: Querying article 13365391...
SCRAPE - (118.834) :: 	Article obtained. - 291/500
SCRAPE - (118.839) :: Querying article 13365389...
SCRAPE - (119.839) :: 	Article obtained. - 292/500
SCRAPE - (119.847) :: Querying article 13365386...
SCRAPE - (120.132) :: 	Article obtained. - 293/500
SCRAPE - (120.136) :: Querying article 13365378...
SCRAPE - (121.798) :: 	Article obtained. - 294/500
SCRAPE - (121.804) :: Querying article 13365367...
SCRAPE - (122.075) :: 	Article obtained. - 295/500
SCRAPE - (122.080) :: Querying article 13365364...
SCRAPE - (122.362) :: 	Article obtained. - 296/500
SCRAPE - (122.367) :: Querying article 13365363...
SCRAPE - (123.534) :: 	Article obtained. - 297/500
SCRAPE - (123.540) :: Querying article 13365359...
SCRAPE - (123.831) :: 	Article obtained. - 298/500
SCRAPE - (123.840) :: Querying article 13365348...
SCRAPE - (124.121) :: 	Article obtained. - 299/500
SCRAPE - (124.126) :: Querying article 13365337...
SCRAPE - (124.409) :: 	Article obtained. - 300/500
SCRAPE - (124.414) :: Querying article 13365336...
SCRAPE - (124.683) :: 	Article obtained. - 301/500
SCRAPE - (124.689) :: Querying article 13365335...
SCRAPE - (124.969) :: 	Article obtained. - 302/500
SCRAPE - (124.975) :: Querying article 13365312...
SCRAPE - (125.256) :: 	Article obtained. - 303/500
SCRAPE - (125.261) :: Querying article 13365298...
SCRAPE - (125.535) :: 	Article obtained. - 304/500
SCRAPE - (125.540) :: Querying article 13365287...
SCRAPE - (125.816) :: 	Article obtained. - 305/500
SCRAPE - (125.821) :: Querying article 13365282...
SCRAPE - (126.102) :: 	Article obtained. - 306/500
SCRAPE - (126.107) :: Querying article 13365258...
SCRAPE - (126.386) :: 	Article obtained. - 307/500
SCRAPE - (126.391) :: Querying article 13365245...
SCRAPE - (126.682) :: 	Article obtained. - 308/500
SCRAPE - (126.687) :: Querying article 13365233...
SCRAPE - (126.993) :: 	Article obtained. - 309/500
SCRAPE - (127.015) :: Querying article 13365227...
SCRAPE - (127.329) :: 	Article obtained. - 310/500
SCRAPE - (127.333) :: Querying article 13365222...
SCRAPE - (127.632) :: 	Article obtained. - 311/500
SCRAPE - (127.646) :: Querying article 13365211...
SCRAPE - (127.944) :: 	Article obtained. - 312/500
SCRAPE - (127.956) :: Querying article 13365187...
SCRAPE - (128.241) :: 	Article obtained. - 313/500
SCRAPE - (128.245) :: Querying article 13365179...
SCRAPE - (128.517) :: 	Article obtained. - 314/500
SCRAPE - (128.522) :: Querying article 13365175...
SCRAPE - (128.812) :: 	Article obtained. - 315/500
SCRAPE - (128.820) :: Querying article 13365170...
SCRAPE - (129.103) :: 	Article obtained. - 316/500
SCRAPE - (129.108) :: Querying article 13365158...
SCRAPE - (129.392) :: 	Article obtained. - 317/500
SCRAPE - (129.399) :: Querying article 13365149...
SCRAPE - (129.690) :: 	Article obtained. - 318/500
SCRAPE - (129.722) :: Querying article 13365140...
SCRAPE - (129.997) :: 	Article obtained. - 319/500
SCRAPE - (130.003) :: Querying article 13365137...
SCRAPE - (130.284) :: 	Article obtained. - 320/500
SCRAPE - (130.289) :: Querying article 13365135...
SCRAPE - (130.567) :: 	Article obtained. - 321/500
SCRAPE - (130.573) :: Querying article 13365133...
SCRAPE - (130.870) :: 	Article obtained. - 322/500
SCRAPE - (130.876) :: Querying article 13365126...
SCRAPE - (131.150) :: 	Article obtained. - 323/500
SCRAPE - (131.154) :: Querying article 13365124...
SCRAPE - (131.433) :: 	Article obtained. - 324/500
SCRAPE - (131.439) :: Querying article 13365116...
SCRAPE - (131.718) :: 	Article obtained. - 325/500
SCRAPE - (131.723) :: Querying article 13365113...
SCRAPE - (132.008) :: 	Article obtained. - 326/500
SCRAPE - (132.013) :: Querying article 13365102...
SCRAPE - (132.293) :: 	Article obtained. - 327/500
SCRAPE - (132.298) :: Querying article 13365091...
SCRAPE - (132.567) :: 	Article obtained. - 328/500
SCRAPE - (132.572) :: Querying article 13365083...
SCRAPE - (135.851) :: 	Article obtained. - 329/500
SCRAPE - (135.856) :: Querying article 13365074...
SCRAPE - (136.131) :: 	Article obtained. - 330/500
SCRAPE - (136.136) :: Querying article 13365070...
SCRAPE - (136.410) :: 	Article obtained. - 331/500
SCRAPE - (136.416) :: Querying article 13365069...
SCRAPE - (136.722) :: 	Article obtained. - 332/500
SCRAPE - (136.803) :: Querying article 13365068...
SCRAPE - (137.116) :: 	Article obtained. - 333/500
SCRAPE - (137.121) :: Querying article 13365067...
SCRAPE - (137.400) :: 	Article obtained. - 334/500
SCRAPE - (137.406) :: Querying article 13365062...
SCRAPE - (137.678) :: 	Article obtained. - 335/500
SCRAPE - (137.683) :: Querying article 13365057...
SCRAPE - (137.986) :: 	Article obtained. - 336/500
SCRAPE - (137.992) :: Querying article 13365053...
SCRAPE - (138.263) :: 	Article obtained. - 337/500
SCRAPE - (138.268) :: Querying article 13365046...
SCRAPE - (138.562) :: 	Article obtained. - 338/500
SCRAPE - (138.568) :: Querying article 13365044...
SCRAPE - (138.871) :: 	Article obtained. - 339/500
SCRAPE - (138.876) :: Querying article 13365041...
SCRAPE - (139.165) :: 	Article obtained. - 340/500
SCRAPE - (139.172) :: Querying article 13365026...
SCRAPE - (139.451) :: 	Article obtained. - 341/500
SCRAPE - (139.461) :: Querying article 13365024...
SCRAPE - (139.743) :: 	Article obtained. - 342/500
SCRAPE - (139.749) :: Querying article 13365018...
SCRAPE - (140.031) :: 	Article obtained. - 343/500
SCRAPE - (140.036) :: Querying article 13365013...
SCRAPE - (140.324) :: 	Article obtained. - 344/500
SCRAPE - (140.330) :: Querying article 13365010...
SCRAPE - (140.606) :: 	Article obtained. - 345/500
SCRAPE - (140.612) :: Querying article 13365008...
SCRAPE - (140.895) :: 	Article obtained. - 346/500
SCRAPE - (140.902) :: Querying article 13364994...
SCRAPE - (141.179) :: 	Article obtained. - 347/500
SCRAPE - (141.185) :: Querying article 13364987...
SCRAPE - (141.463) :: 	Article obtained. - 348/500
SCRAPE - (141.471) :: Querying article 13364965...
SCRAPE - (141.760) :: 	Article obtained. - 349/500
SCRAPE - (141.765) :: Querying article 13364961...
SCRAPE - (143.183) :: 	Article obtained. - 350/500
SCRAPE - (143.188) :: Querying article 13364937...
SCRAPE - (143.504) :: 	Article obtained. - 351/500
SCRAPE - (143.541) :: Querying article 13364932...
SCRAPE - (143.857) :: 	Article obtained. - 352/500
SCRAPE - (143.868) :: Querying article 13364924...
SCRAPE - (144.215) :: 	Article obtained. - 353/500
SCRAPE - (144.227) :: Querying article 13364921...
SCRAPE - (144.549) :: 	Article obtained. - 354/500
SCRAPE - (144.562) :: Querying article 13364899...
SCRAPE - (144.852) :: 	Article obtained. - 355/500
SCRAPE - (144.869) :: Querying article 13364870...
SCRAPE - (145.201) :: 	Article obtained. - 356/500
SCRAPE - (145.214) :: Querying article 13364864...
SCRAPE - (145.536) :: 	Article obtained. - 357/500
SCRAPE - (145.542) :: Querying article 13364860...
SCRAPE - (145.816) :: 	Article obtained. - 358/500
SCRAPE - (145.821) :: Querying article 13364850...
SCRAPE - (146.093) :: 	Article obtained. - 359/500
SCRAPE - (146.100) :: Querying article 13364836...
SCRAPE - (146.374) :: 	Article obtained. - 360/500
SCRAPE - (146.379) :: Querying article 13364828...
SCRAPE - (146.655) :: 	Article obtained. - 361/500
SCRAPE - (146.660) :: Querying article 13364826...
SCRAPE - (146.931) :: 	Article obtained. - 362/500
SCRAPE - (146.937) :: Querying article 13364814...
SCRAPE - (147.212) :: 	Article obtained. - 363/500
SCRAPE - (147.219) :: Querying article 13364811...
SCRAPE - (147.503) :: 	Article obtained. - 364/500
SCRAPE - (147.510) :: Querying article 13364806...
SCRAPE - (148.167) :: 	Article obtained. - 365/500
SCRAPE - (148.174) :: Querying article 13364803...
SCRAPE - (148.449) :: 	Article obtained. - 366/500
SCRAPE - (148.458) :: Querying article 13364798...
SCRAPE - (148.736) :: 	Article obtained. - 367/500
SCRAPE - (148.742) :: Querying article 13364797...
SCRAPE - (149.100) :: 	Article obtained. - 368/500
SCRAPE - (149.106) :: Querying article 13364789...
SCRAPE - (149.412) :: 	Article obtained. - 369/500
SCRAPE - (149.421) :: Querying article 13364778...
SCRAPE - (149.772) :: 	Article obtained. - 370/500
SCRAPE - (149.847) :: Querying article 13364770...
SCRAPE - (150.154) :: 	Article obtained. - 371/500
SCRAPE - (150.171) :: Querying article 13364769...
SCRAPE - (150.454) :: 	Article obtained. - 372/500
SCRAPE - (150.460) :: Querying article 13364766...
SCRAPE - (150.746) :: 	Article obtained. - 373/500
SCRAPE - (150.754) :: Querying article 13364765...
SCRAPE - (151.043) :: 	Article obtained. - 374/500
SCRAPE - (151.049) :: Querying article 13364759...
SCRAPE - (151.357) :: 	Article obtained. - 375/500
SCRAPE - (151.362) :: Querying article 13364757...
SCRAPE - (151.638) :: 	Article obtained. - 376/500
SCRAPE - (151.645) :: Querying article 13364745...
SCRAPE - (151.920) :: 	Article obtained. - 377/500
SCRAPE - (151.953) :: Querying article 13364722...
SCRAPE - (152.246) :: 	Article obtained. - 378/500
SCRAPE - (152.253) :: Querying article 13364715...
SCRAPE - (152.528) :: 	Article obtained. - 379/500
SCRAPE - (152.533) :: Querying article 13364709...
SCRAPE - (152.815) :: 	Article obtained. - 380/500
SCRAPE - (152.821) :: Querying article 13364702...
SCRAPE - (153.091) :: 	Article obtained. - 381/500
SCRAPE - (153.121) :: Querying article 13364689...
SCRAPE - (153.398) :: 	Article obtained. - 382/500
SCRAPE - (153.404) :: Querying article 13364686...
SCRAPE - (153.678) :: 	Article obtained. - 383/500
SCRAPE - (153.686) :: Querying article 13364682...
SCRAPE - (153.972) :: 	Article obtained. - 384/500
SCRAPE - (153.979) :: Querying article 13364671...
SCRAPE - (154.292) :: 	Article obtained. - 385/500
SCRAPE - (154.297) :: Querying article 13364670...
SCRAPE - (154.576) :: 	Article obtained. - 386/500
SCRAPE - (154.582) :: Querying article 13364666...
SCRAPE - (154.878) :: 	Article obtained. - 387/500
SCRAPE - (154.883) :: Querying article 13364664...
SCRAPE - (155.160) :: 	Article obtained. - 388/500
SCRAPE - (155.166) :: Querying article 13364663...
SCRAPE - (155.444) :: 	Article obtained. - 389/500
SCRAPE - (155.451) :: Querying article 13364661...
SCRAPE - (155.729) :: 	Article obtained. - 390/500
SCRAPE - (155.736) :: Querying article 13364651...
SCRAPE - (156.013) :: 	Article obtained. - 391/500
SCRAPE - (156.020) :: Querying article 13364649...
SCRAPE - (156.328) :: 	Article obtained. - 392/500
SCRAPE - (156.342) :: Querying article 13364647...
SCRAPE - (156.656) :: 	Article obtained. - 393/500
SCRAPE - (156.662) :: Querying article 13364646...
SCRAPE - (156.972) :: 	Article obtained. - 394/500
SCRAPE - (156.989) :: Querying article 13364642...
SCRAPE - (157.327) :: 	Article obtained. - 395/500
SCRAPE - (157.341) :: Querying article 13364636...
SCRAPE - (157.629) :: 	Article obtained. - 396/500
SCRAPE - (157.637) :: Querying article 13364631...
SCRAPE - (157.922) :: 	Article obtained. - 397/500
SCRAPE - (157.935) :: Querying article 13364623...
SCRAPE - (158.261) :: 	Article obtained. - 398/500
SCRAPE - (158.272) :: Querying article 13364622...
SCRAPE - (158.578) :: 	Article obtained. - 399/500
SCRAPE - (158.585) :: Querying article 13364611...
SCRAPE - (158.882) :: 	Article obtained. - 400/500
SCRAPE - (158.887) :: Querying article 13364605...
SCRAPE - (159.170) :: 	Article obtained. - 401/500
SCRAPE - (159.176) :: Querying article 13364603...
SCRAPE - (159.449) :: 	Article obtained. - 402/500
SCRAPE - (159.456) :: Querying article 13364583...
SCRAPE - (159.740) :: 	Article obtained. - 403/500
SCRAPE - (159.748) :: Querying article 13364582...
SCRAPE - (160.033) :: 	Article obtained. - 404/500
SCRAPE - (160.039) :: Querying article 13364580...
SCRAPE - (160.342) :: 	Article obtained. - 405/500
SCRAPE - (160.348) :: Querying article 13364578...
SCRAPE - (160.623) :: 	Article obtained. - 406/500
SCRAPE - (160.629) :: Querying article 13364573...
SCRAPE - (160.903) :: 	Article obtained. - 407/500
SCRAPE - (160.909) :: Querying article 13364569...
SCRAPE - (161.184) :: 	Article obtained. - 408/500
SCRAPE - (161.191) :: Querying article 13364566...
SCRAPE - (161.469) :: 	Article obtained. - 409/500
SCRAPE - (161.475) :: Querying article 13364561...
SCRAPE - (161.755) :: 	Article obtained. - 410/500
SCRAPE - (161.764) :: Querying article 13364559...
SCRAPE - (162.037) :: 	Article obtained. - 411/500
SCRAPE - (162.043) :: Querying article 13364556...
SCRAPE - (162.330) :: 	Article obtained. - 412/500
SCRAPE - (162.337) :: Querying article 13364552...
SCRAPE - (162.631) :: 	Article obtained. - 413/500
SCRAPE - (162.697) :: Querying article 13364547...
SCRAPE - (162.991) :: 	Article obtained. - 414/500
SCRAPE - (162.997) :: Querying article 13364541...
SCRAPE - (163.279) :: 	Article obtained. - 415/500
SCRAPE - (163.288) :: Querying article 13364540...
SCRAPE - (163.561) :: 	Article obtained. - 416/500
SCRAPE - (163.567) :: Querying article 13364538...
SCRAPE - (163.853) :: 	Article obtained. - 417/500
SCRAPE - (163.859) :: Querying article 13364537...
SCRAPE - (164.139) :: 	Article obtained. - 418/500
SCRAPE - (164.147) :: Querying article 13364533...
SCRAPE - (164.429) :: 	Article obtained. - 419/500
SCRAPE - (164.435) :: Querying article 13364530...
SCRAPE - (165.915) :: 	Article obtained. - 420/500
SCRAPE - (165.925) :: Querying article 13364527...
SCRAPE - (166.197) :: 	Article obtained. - 421/500
SCRAPE - (166.204) :: Querying article 13364524...
SCRAPE - (166.483) :: 	Article obtained. - 422/500
SCRAPE - (166.491) :: Querying article 13364514...
SCRAPE - (166.771) :: 	Article obtained. - 423/500
SCRAPE - (166.794) :: Querying article 13364511...
SCRAPE - (168.387) :: 	Article obtained. - 424/500
SCRAPE - (168.396) :: Querying article 13364505...
SCRAPE - (168.675) :: 	Article obtained. - 425/500
SCRAPE - (168.681) :: Querying article 13364496...
SCRAPE - (168.958) :: 	Article obtained. - 426/500
SCRAPE - (168.964) :: Querying article 13364492...
SCRAPE - (169.261) :: 	Article obtained. - 427/500
SCRAPE - (169.268) :: Querying article 13364483...
SCRAPE - (169.548) :: 	Article obtained. - 428/500
SCRAPE - (169.555) :: Querying article 13364479...
SCRAPE - (169.833) :: 	Article obtained. - 429/500
SCRAPE - (169.839) :: Querying article 13364477...
SCRAPE - (170.109) :: 	Article obtained. - 430/500
SCRAPE - (170.115) :: Querying article 13364476...
SCRAPE - (170.411) :: 	Article obtained. - 431/500
SCRAPE - (170.417) :: Querying article 13364475...
SCRAPE - (170.712) :: 	Article obtained. - 432/500
SCRAPE - (170.718) :: Querying article 13364472...
SCRAPE - (171.858) :: 	Article obtained. - 433/500
SCRAPE - (171.864) :: Querying article 13364465...
SCRAPE - (172.146) :: 	Article obtained. - 434/500
SCRAPE - (172.152) :: Querying article 13364459...
SCRAPE - (172.453) :: 	Article obtained. - 435/500
SCRAPE - (172.461) :: Querying article 13364454...
SCRAPE - (172.731) :: 	Article obtained. - 436/500
SCRAPE - (172.737) :: Querying article 13364444...
SCRAPE - (173.020) :: 	Article obtained. - 437/500
SCRAPE - (173.027) :: Querying article 13364443...
SCRAPE - (173.308) :: 	Article obtained. - 438/500
SCRAPE - (173.315) :: Querying article 13364425...
SCRAPE - (173.604) :: 	Article obtained. - 439/500
SCRAPE - (173.613) :: Querying article 13364424...
SCRAPE - (173.890) :: 	Article obtained. - 440/500
SCRAPE - (173.898) :: Querying article 13364422...
SCRAPE - (174.174) :: 	Article obtained. - 441/500
SCRAPE - (174.183) :: Querying article 13364413...
SCRAPE - (174.481) :: 	Article obtained. - 442/500
SCRAPE - (174.487) :: Querying article 13364402...
SCRAPE - (174.766) :: 	Article obtained. - 443/500
SCRAPE - (174.772) :: Querying article 13364400...
SCRAPE - (175.046) :: 	Article obtained. - 444/500
SCRAPE - (175.052) :: Querying article 13364395...
SCRAPE - (175.329) :: 	Article obtained. - 445/500
SCRAPE - (175.335) :: Querying article 13364390...
SCRAPE - (175.628) :: 	Article obtained. - 446/500
SCRAPE - (175.646) :: Querying article 13364376...
SCRAPE - (175.922) :: 	Article obtained. - 447/500
SCRAPE - (175.929) :: Querying article 13364354...
SCRAPE - (176.212) :: 	Article obtained. - 448/500
SCRAPE - (176.271) :: Querying article 13364350...
SCRAPE - (176.544) :: 	Article obtained. - 449/500
SCRAPE - (176.554) :: Querying article 13364339...
SCRAPE - (176.836) :: 	Article obtained. - 450/500
SCRAPE - (176.842) :: Querying article 13364329...
SCRAPE - (177.129) :: 	Article obtained. - 451/500
SCRAPE - (177.135) :: Querying article 13364325...
SCRAPE - (177.422) :: 	Article obtained. - 452/500
SCRAPE - (177.429) :: Querying article 13364315...
SCRAPE - (177.740) :: 	Article obtained. - 453/500
SCRAPE - (177.748) :: Querying article 13364300...
SCRAPE - (178.058) :: 	Article obtained. - 454/500
SCRAPE - (178.068) :: Querying article 13364292...
SCRAPE - (178.350) :: 	Article obtained. - 455/500
SCRAPE - (178.357) :: Querying article 13364291...
SCRAPE - (178.637) :: 	Article obtained. - 456/500
SCRAPE - (178.643) :: Querying article 13364287...
SCRAPE - (178.920) :: 	Article obtained. - 457/500
SCRAPE - (178.987) :: Querying article 13364281...
SCRAPE - (179.268) :: 	Article obtained. - 458/500
SCRAPE - (179.274) :: Querying article 13364279...
SCRAPE - (179.565) :: 	Article obtained. - 459/500
SCRAPE - (179.572) :: Querying article 13364278...
SCRAPE - (179.849) :: 	Article obtained. - 460/500
SCRAPE - (179.855) :: Querying article 13364274...
SCRAPE - (180.133) :: 	Article obtained. - 461/500
SCRAPE - (180.140) :: Querying article 13364273...
SCRAPE - (180.429) :: 	Article obtained. - 462/500
SCRAPE - (180.438) :: Querying article 13364269...
SCRAPE - (180.721) :: 	Article obtained. - 463/500
SCRAPE - (180.728) :: Querying article 13364268...
SCRAPE - (181.004) :: 	Article obtained. - 464/500
SCRAPE - (181.010) :: Querying article 13364263...
SCRAPE - (181.289) :: 	Article obtained. - 465/500
SCRAPE - (181.296) :: Querying article 13364260...
SCRAPE - (181.567) :: 	Article obtained. - 466/500
SCRAPE - (181.574) :: Querying article 13364258...
SCRAPE - (181.847) :: 	Article obtained. - 467/500
SCRAPE - (181.854) :: Querying article 13364254...
SCRAPE - (182.133) :: 	Article obtained. - 468/500
SCRAPE - (182.140) :: Querying article 13364246...
SCRAPE - (182.420) :: 	Article obtained. - 469/500
SCRAPE - (182.440) :: Querying article 13364245...
SCRAPE - (182.732) :: 	Article obtained. - 470/500
SCRAPE - (182.738) :: Querying article 13364243...
SCRAPE - (183.017) :: 	Article obtained. - 471/500
SCRAPE - (183.052) :: Querying article 13364242...
SCRAPE - (183.340) :: 	Article obtained. - 472/500
SCRAPE - (183.349) :: Querying article 13364239...
SCRAPE - (183.621) :: 	Article obtained. - 473/500
SCRAPE - (183.628) :: Querying article 13364236...
SCRAPE - (183.901) :: 	Article obtained. - 474/500
SCRAPE - (183.910) :: Querying article 13364226...
SCRAPE - (184.230) :: 	Article obtained. - 475/500
SCRAPE - (184.237) :: Querying article 13364225...
SCRAPE - (185.624) :: 	Article obtained. - 476/500
SCRAPE - (185.632) :: Querying article 13364223...
SCRAPE - (187.309) :: 	Article obtained. - 477/500
SCRAPE - (187.316) :: Querying article 13364222...
SCRAPE - (187.601) :: 	Article obtained. - 478/500
SCRAPE - (187.609) :: Querying article 13364218...
SCRAPE - (187.885) :: 	Article obtained. - 479/500
SCRAPE - (187.892) :: Querying article 13364214...
SCRAPE - (188.167) :: 	Article obtained. - 480/500
SCRAPE - (188.174) :: Querying article 13364212...
SCRAPE - (188.478) :: 	Article obtained. - 481/500
SCRAPE - (188.497) :: Querying article 13364211...
SCRAPE - (188.800) :: 	Article obtained. - 482/500
SCRAPE - (188.811) :: Querying article 13364201...
SCRAPE - (189.098) :: 	Article obtained. - 483/500
SCRAPE - (189.106) :: Querying article 13364197...
SCRAPE - (189.386) :: 	Article obtained. - 484/500
SCRAPE - (189.393) :: Querying article 13364191...
SCRAPE - (189.677) :: 	Article obtained. - 485/500
SCRAPE - (189.684) :: Querying article 13364172...
SCRAPE - (189.966) :: 	Article obtained. - 486/500
SCRAPE - (189.972) :: Querying article 13364170...
SCRAPE - (190.259) :: 	Article obtained. - 487/500
SCRAPE - (190.265) :: Querying article 13364164...
SCRAPE - (190.558) :: 	Article obtained. - 488/500
SCRAPE - (190.566) :: Querying article 13364161...
SCRAPE - (190.849) :: 	Article obtained. - 489/500
SCRAPE - (190.857) :: Querying article 13364142...
SCRAPE - (191.140) :: 	Article obtained. - 490/500
SCRAPE - (191.148) :: Querying article 13364136...
SCRAPE - (191.427) :: 	Article obtained. - 491/500
SCRAPE - (191.433) :: Querying article 13364126...
SCRAPE - (191.709) :: 	Article obtained. - 492/500
SCRAPE - (191.715) :: Querying article 13364124...
SCRAPE - (191.990) :: 	Article obtained. - 493/500
SCRAPE - (191.996) :: Querying article 13364118...
SCRAPE - (192.310) :: 	Article obtained. - 494/500
SCRAPE - (192.316) :: Querying article 13364112...
SCRAPE - (192.609) :: 	Article obtained. - 495/500
SCRAPE - (192.639) :: Querying article 13364111...
SCRAPE - (192.949) :: 	Article obtained. - 496/500
SCRAPE - (192.957) :: Querying article 13364109...
SCRAPE - (193.236) :: 	Article obtained. - 497/500
SCRAPE - (193.243) :: Querying article 13364107...
SCRAPE - (193.525) :: 	Article obtained. - 498/500
SCRAPE - (193.545) :: Querying article 13364106...
SCRAPE - (193.845) :: 	Article obtained. - 499/500
SCRAPE - (193.865) :: Querying article 13364100...
SCRAPE - (194.186) :: 	Article obtained. - 500/500
SCRAPE - (194.206) :: 
SCRAPE - (194.207) :: Scrape complete.
SCRAPE - (194.211) :: Average article query time: 0.372 seconds
SCRAPE - (194.212) :: Total scrape time: 194.206 seconds
UTILS - Attemping to save dataset "./space/data/first_scrape.json"...
UTILS - Successfully saved dataset!
UTILS - Attempting to save helper data "./space/data/first_scrape_data.json"...
UTILS - Successfully saved helper data!
FILTERS - (0.000) :: Initializing filters...
UTILS - Attempting to load dataset "./space/data/first_scrape.json"...
UTILS - Successfully loaded dataset!
FILTERS - (0.010) :: 
FILTERS - (0.010) :: Copying 'title' to new column 'title_cleaned'...
FILTERS - (0.012) :: Column data copied.
FILTERS - (0.012) :: 
FILTERS - (0.013) :: Executing lowercase filter on columns ['title_cleaned']...
FILTERS - (0.014) :: Lowercase filter completed!
FILTERS - (0.014) :: 
FILTERS - (0.015) :: Executing non-letter replacement filter on columns ['title_cleaned']...
FILTERS - (0.031) :: Non letter replacement filter completed!
FILTERS - (0.033) :: 
FILTERS - (0.034) :: Executing stopword removal filter on columns ['title_cleaned']...
FILTERS - (1.226) :: Stopword removal filter completed!
UTILS - Attemping to save dataset "./space/data/first_suffix.json"...
UTILS - Successfully saved dataset!
CLASSIFIER - Setting up manual classifier...
UTILS - Attempting to load dataset "./space/data/first_cleaned.json"...

# Opened logfile. (2017-01-10 13:28:59.635077)
HUB - Initializing hub...
HUB - Set run name to "first"
FILTERS - (0.000) :: Initializing filters...
UTILS - Attempting to load dataset "./space/data/first_scrape.json"...
UTILS - Successfully loaded dataset!
FILTERS - (0.010) :: 
FILTERS - (0.010) :: Copying 'title' to new column 'title_cleaned'...
FILTERS - (0.012) :: Column data copied.
FILTERS - (0.012) :: 
FILTERS - (0.013) :: Executing lowercase filter on columns ['title_cleaned']...
FILTERS - (0.015) :: Lowercase filter completed!
FILTERS - (0.015) :: 
FILTERS - (0.017) :: Executing non-letter replacement filter on columns ['title_cleaned']...
FILTERS - (0.023) :: Non letter replacement filter completed!
FILTERS - (0.024) :: 
FILTERS - (0.025) :: Executing stopword removal filter on columns ['title_cleaned']...
FILTERS - (1.173) :: Stopword removal filter completed!
UTILS - Attemping to save dataset "./space/data/first_cleaned.json"...
UTILS - Successfully saved dataset!
CLASSIFIER - Setting up manual classifier...
UTILS - Attempting to load dataset "./space/data/first_cleaned.json"...
UTILS - Successfully loaded dataset!
CLASSIFIER - Starting classification session...
CLASSIFIER - Classifying...
# Closing logfile.

# Opened logfile. (2017-01-10 16:45:42.278807)
HUB - Initializing hub...
HUB - Set run name to "first"
CLASSIFIER - Setting up manual classifier...
CLASSIFIER - Resuming classification session...
UTILS - Attempting to load session "./space/data/first_classified_session.json"...

# Opened logfile. (2017-01-10 16:46:11.072339)
HUB - Initializing hub...
HUB - Set run name to "first"
FILTERS - (0.000) :: Initializing filters...
UTILS - Attempting to load dataset "./space/data/first_scrape.json"...
UTILS - Successfully loaded dataset!
FILTERS - (0.060) :: 
FILTERS - (0.060) :: Copying 'title' to new column 'title_cleaned'...
FILTERS - (0.060) :: Column data copied.
FILTERS - (0.060) :: 
FILTERS - (0.061) :: Executing lowercase filter on columns ['title_cleaned']...
FILTERS - (0.061) :: Lowercase filter completed!
FILTERS - (0.061) :: 
FILTERS - (0.062) :: Executing non-letter replacement filter on columns ['title_cleaned']...
FILTERS - (0.065) :: Non letter replacement filter completed!
FILTERS - (0.065) :: 
FILTERS - (0.065) :: Executing stopword removal filter on columns ['title_cleaned']...
FILTERS - (1.320) :: Stopword removal filter completed!
UTILS - Attemping to save dataset "./space/data/first_cleaned.json"...
UTILS - Successfully saved dataset!
CLASSIFIER - Setting up manual classifier...
UTILS - Attempting to load dataset "./space/data/first_cleaned.json"...
UTILS - Successfully loaded dataset!
CLASSIFIER - Starting classification session...
CLASSIFIER - Classifying...
# Closing logfile.

# Opened logfile. (2017-01-10 16:52:45.225850)
HUB - Initializing hub...
HUB - Set run name to "first"
FILTERS - (0.000) :: Initializing filters...
UTILS - Attempting to load dataset "./space/data/first_scrape.json"...
UTILS - Successfully loaded dataset!
FILTERS - (0.005) :: 
FILTERS - (0.005) :: Copying 'title' to new column 'title_cleaned'...
FILTERS - (0.006) :: Column data copied.
FILTERS - (0.010) :: 
FILTERS - (0.010) :: Executing lowercase filter on columns ['title_cleaned']...
FILTERS - (0.012) :: Lowercase filter completed!
FILTERS - (0.012) :: 
FILTERS - (0.013) :: Executing non-letter replacement filter on columns ['title_cleaned']...
FILTERS - (0.020) :: Non letter replacement filter completed!
FILTERS - (0.022) :: 
FILTERS - (0.023) :: Executing stopword removal filter on columns ['title_cleaned']...
FILTERS - (1.406) :: Stopword removal filter completed!
UTILS - Attemping to save dataset "./space/data/first_cleaned.json"...
UTILS - Successfully saved dataset!
CLASSIFIER - Setting up manual classifier...
UTILS - Attempting to load dataset "./space/data/first_cleaned.json"...
UTILS - Successfully loaded dataset!
CLASSIFIER - Starting classification session...
CLASSIFIER - Classifying...
# Closing logfile.

# Opened logfile. (2017-01-11 16:39:48.320900)
HUB - Initializing hub...
HUB - Set run name to "first"
CLASSIFIER - Setting up manual classifier...
CLASSIFIER - Resuming classification session...
UTILS - Attempting to load session "./space/data/first_classified_session.json"...
UTILS - Succsesfully loaded session data!
CLASSIFIER - Classifying...
# Closing logfile.

# Opened logfile. (2017-01-13 18:08:40.337056)
HUB - Initializing hub...
HUB - Set run name to "first"
CLASSIFIER - Setting up manual classifier...
CLASSIFIER - Resuming classification session...
UTILS - Attempting to load session "./space/data/first_classified_session.json"...
UTILS - Succsesfully loaded session data!
CLASSIFIER - Classifying...
UTILS - Attemping to save dataset "./space/data/first_classified.json"...
UTILS - Successfully saved dataset!
UTILS - Attempting to save helper data "./space/data/first_classified_data.json"...
UTILS - Successfully saved helper data!
# Closing logfile.
