
# Opened logfile. (2017-01-10 13:26:33.752048)
Setting up manual classifier...

# Opened logfile. (2017-01-10 13:29:00.819089)
Setting up manual classifier...
Starting classification session...
Classifying...
# Closing logfile.

# Opened logfile. (2017-01-10 16:45:42.289281)
Setting up manual classifier...
Resuming classification session...

# Opened logfile. (2017-01-10 16:46:12.456188)
Setting up manual classifier...
Starting classification session...
Classifying...
# Closing logfile.

# Opened logfile. (2017-01-10 16:52:46.644857)
Setting up manual classifier...
Starting classification session...
Classifying...
# Closing logfile.

# Opened logfile. (2017-01-11 16:39:48.337477)
Setting up manual classifier...
Resuming classification session...
Classifying...
# Closing logfile.

# Opened logfile. (2017-01-13 18:08:40.338539)
Setting up manual classifier...
Resuming classification session...
Classifying...
# Closing logfile.
