
# Opened logfile. (2017-01-10 13:26:32.501169)
(0.000) :: Initializing filters...
(0.010) :: 
(0.010) :: Copying 'title' to new column 'title_cleaned'...
(0.012) :: Column data copied.
(0.012) :: 
(0.013) :: Executing lowercase filter on columns ['title_cleaned']...
(0.014) :: Lowercase filter completed!
(0.014) :: 
(0.015) :: Executing non-letter replacement filter on columns ['title_cleaned']...
(0.031) :: Non letter replacement filter completed!
(0.033) :: 
(0.034) :: Executing stopword removal filter on columns ['title_cleaned']...
(1.226) :: Stopword removal filter completed!

# Opened logfile. (2017-01-10 13:28:59.638583)
(0.000) :: Initializing filters...
(0.010) :: 
(0.010) :: Copying 'title' to new column 'title_cleaned'...
(0.012) :: Column data copied.
(0.012) :: 
(0.013) :: Executing lowercase filter on columns ['title_cleaned']...
(0.015) :: Lowercase filter completed!
(0.015) :: 
(0.017) :: Executing non-letter replacement filter on columns ['title_cleaned']...
(0.023) :: Non letter replacement filter completed!
(0.024) :: 
(0.025) :: Executing stopword removal filter on columns ['title_cleaned']...
(1.173) :: Stopword removal filter completed!
# Closing logfile.

# Opened logfile. (2017-01-10 16:46:11.114670)
(0.000) :: Initializing filters...
(0.060) :: 
(0.060) :: Copying 'title' to new column 'title_cleaned'...
(0.060) :: Column data copied.
(0.060) :: 
(0.061) :: Executing lowercase filter on columns ['title_cleaned']...
(0.061) :: Lowercase filter completed!
(0.061) :: 
(0.062) :: Executing non-letter replacement filter on columns ['title_cleaned']...
(0.065) :: Non letter replacement filter completed!
(0.065) :: 
(0.065) :: Executing stopword removal filter on columns ['title_cleaned']...
(1.320) :: Stopword removal filter completed!
# Closing logfile.

# Opened logfile. (2017-01-10 16:52:45.230353)
(0.000) :: Initializing filters...
(0.005) :: 
(0.005) :: Copying 'title' to new column 'title_cleaned'...
(0.006) :: Column data copied.
(0.010) :: 
(0.010) :: Executing lowercase filter on columns ['title_cleaned']...
(0.012) :: Lowercase filter completed!
(0.012) :: 
(0.013) :: Executing non-letter replacement filter on columns ['title_cleaned']...
(0.020) :: Non letter replacement filter completed!
(0.022) :: 
(0.023) :: Executing stopword removal filter on columns ['title_cleaned']...
(1.406) :: Stopword removal filter completed!
# Closing logfile.
