
# Opened logfile. (2017-01-10 13:23:18.219865)
(0.000) :: Starting Hacker News scraper...
(0.000) :: 
(0.001) :: Querying new stories...
(2.548) :: Obtained story list
(2.548) :: Found 500 articles
(2.548) :: Querying article 13368013...
(2.856) :: 	Article obtained. - 1/500
(2.857) :: Querying article 13368006...
(3.126) :: 	Article obtained. - 2/500
(3.155) :: Querying article 13368003...
(3.445) :: 	Article obtained. - 3/500
(3.446) :: Querying article 13367991...
(3.726) :: 	Article obtained. - 4/500
(3.727) :: Querying article 13367984...
(4.008) :: 	Article obtained. - 5/500
(4.009) :: Querying article 13367969...
(4.310) :: 	Article obtained. - 6/500
(4.311) :: Querying article 13367963...
(4.579) :: 	Article obtained. - 7/500
(4.580) :: Querying article 13367954...
(4.857) :: 	Article obtained. - 8/500
(4.858) :: Querying article 13367939...
(5.478) :: 	Article obtained. - 9/500
(5.479) :: Querying article 13367932...
(5.754) :: 	Article obtained. - 10/500
(5.755) :: Querying article 13367928...
(6.027) :: 	Article obtained. - 11/500
(6.067) :: Querying article 13367927...
(6.349) :: 	Article obtained. - 12/500
(6.350) :: Querying article 13367924...
(6.632) :: 	Article obtained. - 13/500
(6.633) :: Querying article 13367921...
(6.914) :: 	Article obtained. - 14/500
(6.915) :: Querying article 13367919...
(7.197) :: 	Article obtained. - 15/500
(7.198) :: Querying article 13367911...
(7.484) :: 	Article obtained. - 16/500
(7.502) :: Querying article 13367905...
(7.784) :: 	Article obtained. - 17/500
(7.785) :: Querying article 13367902...
(8.073) :: 	Article obtained. - 18/500
(8.074) :: Querying article 13367879...
(8.349) :: 	Article obtained. - 19/500
(8.350) :: Querying article 13367878...
(8.622) :: 	Article obtained. - 20/500
(8.623) :: Querying article 13367858...
(8.907) :: 	Article obtained. - 21/500
(8.908) :: Querying article 13367835...
(9.196) :: 	Article obtained. - 22/500
(9.197) :: Querying article 13367829...
(9.470) :: 	Article obtained. - 23/500
(9.471) :: Querying article 13367828...
(9.738) :: 	Article obtained. - 24/500
(9.739) :: Querying article 13367807...
(10.028) :: 	Article obtained. - 25/500
(10.029) :: Querying article 13367804...
(10.313) :: 	Article obtained. - 26/500
(10.315) :: Querying article 13367803...
(12.000) :: 	Article obtained. - 27/500
(12.002) :: Querying article 13367790...
(12.317) :: 	Article obtained. - 28/500
(12.319) :: Querying article 13367789...
(12.608) :: 	Article obtained. - 29/500
(12.610) :: Querying article 13367778...
(12.888) :: 	Article obtained. - 30/500
(12.889) :: Querying article 13367777...
(13.192) :: 	Article obtained. - 31/500
(13.194) :: Querying article 13367776...
(13.477) :: 	Article obtained. - 32/500
(13.479) :: Querying article 13367772...
(13.758) :: 	Article obtained. - 33/500
(13.761) :: Querying article 13367751...
(14.042) :: 	Article obtained. - 34/500
(14.044) :: Querying article 13367734...
(14.337) :: 	Article obtained. - 35/500
(14.339) :: Querying article 13367726...
(14.611) :: 	Article obtained. - 36/500
(14.613) :: Querying article 13367723...
(14.892) :: 	Article obtained. - 37/500
(14.894) :: Querying article 13367719...
(15.171) :: 	Article obtained. - 38/500
(15.173) :: Querying article 13367711...
(15.451) :: 	Article obtained. - 39/500
(15.452) :: Querying article 13367709...
(15.758) :: 	Article obtained. - 40/500
(15.760) :: Querying article 13367706...
(16.039) :: 	Article obtained. - 41/500
(16.041) :: Querying article 13367705...
(16.328) :: 	Article obtained. - 42/500
(16.330) :: Querying article 13367701...
(16.609) :: 	Article obtained. - 43/500
(16.610) :: Querying article 13367685...
(16.890) :: 	Article obtained. - 44/500
(16.893) :: Querying article 13367680...
(17.175) :: 	Article obtained. - 45/500
(17.176) :: Querying article 13367679...
(17.465) :: 	Article obtained. - 46/500
(17.467) :: Querying article 13367676...
(18.969) :: 	Article obtained. - 47/500
(18.970) :: Querying article 13367671...
(19.277) :: 	Article obtained. - 48/500
(19.279) :: Querying article 13367670...
(19.603) :: 	Article obtained. - 49/500
(19.606) :: Querying article 13367662...
(19.876) :: 	Article obtained. - 50/500
(19.878) :: Querying article 13367659...
(20.266) :: 	Article obtained. - 51/500
(20.269) :: Querying article 13367653...
(20.547) :: 	Article obtained. - 52/500
(20.550) :: Querying article 13367650...
(20.834) :: 	Article obtained. - 53/500
(20.837) :: Querying article 13367639...
(21.156) :: 	Article obtained. - 54/500
(21.158) :: Querying article 13367629...
(21.440) :: 	Article obtained. - 55/500
(21.442) :: Querying article 13367624...
(21.721) :: 	Article obtained. - 56/500
(21.724) :: Querying article 13367613...
(22.002) :: 	Article obtained. - 57/500
(22.004) :: Querying article 13367584...
(22.280) :: 	Article obtained. - 58/500
(22.282) :: Querying article 13367576...
(22.569) :: 	Article obtained. - 59/500
(22.572) :: Querying article 13367551...
(22.866) :: 	Article obtained. - 60/500
(22.868) :: Querying article 13367540...
(23.146) :: 	Article obtained. - 61/500
(23.147) :: Querying article 13367531...
(23.434) :: 	Article obtained. - 62/500
(23.436) :: Querying article 13367514...
(23.716) :: 	Article obtained. - 63/500
(23.718) :: Querying article 13367505...
(23.999) :: 	Article obtained. - 64/500
(24.001) :: Querying article 13367486...
(24.290) :: 	Article obtained. - 65/500
(24.292) :: Querying article 13367481...
(24.575) :: 	Article obtained. - 66/500
(24.577) :: Querying article 13367467...
(24.877) :: 	Article obtained. - 67/500
(24.879) :: Querying article 13367455...
(25.154) :: 	Article obtained. - 68/500
(25.160) :: Querying article 13367435...
(25.434) :: 	Article obtained. - 69/500
(25.436) :: Querying article 13367426...
(26.355) :: 	Article obtained. - 70/500
(26.357) :: Querying article 13367408...
(26.631) :: 	Article obtained. - 71/500
(26.634) :: Querying article 13367396...
(26.918) :: 	Article obtained. - 72/500
(26.922) :: Querying article 13367394...
(27.204) :: 	Article obtained. - 73/500
(27.205) :: Querying article 13367380...
(27.487) :: 	Article obtained. - 74/500
(27.489) :: Querying article 13367354...
(27.762) :: 	Article obtained. - 75/500
(27.764) :: Querying article 13367343...
(28.046) :: 	Article obtained. - 76/500
(28.048) :: Querying article 13367315...
(29.165) :: 	Article obtained. - 77/500
(29.168) :: Querying article 13367305...
(29.452) :: 	Article obtained. - 78/500
(29.455) :: Querying article 13367293...
(29.745) :: 	Article obtained. - 79/500
(29.747) :: Querying article 13367244...
(30.022) :: 	Article obtained. - 80/500
(30.024) :: Querying article 13367240...
(30.309) :: 	Article obtained. - 81/500
(30.312) :: Querying article 13367220...
(30.594) :: 	Article obtained. - 82/500
(30.596) :: Querying article 13367215...
(30.879) :: 	Article obtained. - 83/500
(30.881) :: Querying article 13367208...
(31.157) :: 	Article obtained. - 84/500
(31.160) :: Querying article 13367187...
(31.439) :: 	Article obtained. - 85/500
(31.441) :: Querying article 13367178...
(31.726) :: 	Article obtained. - 86/500
(31.728) :: Querying article 13367177...
(32.007) :: 	Article obtained. - 87/500
(32.009) :: Querying article 13367154...
(32.306) :: 	Article obtained. - 88/500
(32.309) :: Querying article 13367147...
(32.584) :: 	Article obtained. - 89/500
(32.586) :: Querying article 13367102...
(34.473) :: 	Article obtained. - 90/500
(34.475) :: Querying article 13367077...
(34.766) :: 	Article obtained. - 91/500
(34.768) :: Querying article 13367073...
(35.042) :: 	Article obtained. - 92/500
(35.044) :: Querying article 13367072...
(35.329) :: 	Article obtained. - 93/500
(35.331) :: Querying article 13367036...
(35.602) :: 	Article obtained. - 94/500
(35.605) :: Querying article 13367022...
(35.878) :: 	Article obtained. - 95/500
(35.881) :: Querying article 13367016...
(36.185) :: 	Article obtained. - 96/500
(36.188) :: Querying article 13367015...
(36.499) :: 	Article obtained. - 97/500
(36.502) :: Querying article 13367012...
(36.783) :: 	Article obtained. - 98/500
(36.785) :: Querying article 13367002...
(37.059) :: 	Article obtained. - 99/500
(37.061) :: Querying article 13366997...
(37.342) :: 	Article obtained. - 100/500
(37.344) :: Querying article 13366984...
(37.614) :: 	Article obtained. - 101/500
(37.617) :: Querying article 13366974...
(37.895) :: 	Article obtained. - 102/500
(37.897) :: Querying article 13366964...
(38.197) :: 	Article obtained. - 103/500
(38.200) :: Querying article 13366958...
(38.471) :: 	Article obtained. - 104/500
(38.474) :: Querying article 13366952...
(38.778) :: 	Article obtained. - 105/500
(38.796) :: Querying article 13366951...
(39.072) :: 	Article obtained. - 106/500
(39.074) :: Querying article 13366914...
(39.345) :: 	Article obtained. - 107/500
(39.349) :: Querying article 13366905...
(40.423) :: 	Article obtained. - 108/500
(40.425) :: Querying article 13366902...
(40.699) :: 	Article obtained. - 109/500
(40.701) :: Querying article 13366873...
(40.979) :: 	Article obtained. - 110/500
(40.982) :: Querying article 13366867...
(41.262) :: 	Article obtained. - 111/500
(41.265) :: Querying article 13366862...
(41.537) :: 	Article obtained. - 112/500
(41.540) :: Querying article 13366861...
(41.824) :: 	Article obtained. - 113/500
(41.827) :: Querying article 13366852...
(42.100) :: 	Article obtained. - 114/500
(42.103) :: Querying article 13366849...
(42.375) :: 	Article obtained. - 115/500
(42.378) :: Querying article 13366843...
(42.664) :: 	Article obtained. - 116/500
(42.667) :: Querying article 13366841...
(42.952) :: 	Article obtained. - 117/500
(42.954) :: Querying article 13366840...
(43.233) :: 	Article obtained. - 118/500
(43.236) :: Querying article 13366830...
(43.513) :: 	Article obtained. - 119/500
(43.515) :: Querying article 13366819...
(43.791) :: 	Article obtained. - 120/500
(43.794) :: Querying article 13366815...
(44.063) :: 	Article obtained. - 121/500
(44.066) :: Querying article 13366813...
(44.349) :: 	Article obtained. - 122/500
(44.353) :: Querying article 13366805...
(44.631) :: 	Article obtained. - 123/500
(44.634) :: Querying article 13366762...
(44.903) :: 	Article obtained. - 124/500
(44.907) :: Querying article 13366749...
(45.188) :: 	Article obtained. - 125/500
(45.191) :: Querying article 13366740...
(45.472) :: 	Article obtained. - 126/500
(45.476) :: Querying article 13366738...
(45.748) :: 	Article obtained. - 127/500
(45.751) :: Querying article 13366732...
(48.869) :: 	Article obtained. - 128/500
(48.872) :: Querying article 13366725...
(49.148) :: 	Article obtained. - 129/500
(49.151) :: Querying article 13366716...
(49.433) :: 	Article obtained. - 130/500
(49.437) :: Querying article 13366708...
(49.741) :: 	Article obtained. - 131/500
(49.746) :: Querying article 13366691...
(50.028) :: 	Article obtained. - 132/500
(50.031) :: Querying article 13366684...
(50.315) :: 	Article obtained. - 133/500
(50.318) :: Querying article 13366683...
(50.594) :: 	Article obtained. - 134/500
(50.597) :: Querying article 13366676...
(50.885) :: 	Article obtained. - 135/500
(50.888) :: Querying article 13366675...
(51.186) :: 	Article obtained. - 136/500
(51.189) :: Querying article 13366669...
(51.465) :: 	Article obtained. - 137/500
(51.469) :: Querying article 13366668...
(51.749) :: 	Article obtained. - 138/500
(51.753) :: Querying article 13366658...
(52.041) :: 	Article obtained. - 139/500
(52.044) :: Querying article 13366645...
(52.360) :: 	Article obtained. - 140/500
(52.363) :: Querying article 13366637...
(52.638) :: 	Article obtained. - 141/500
(52.642) :: Querying article 13366629...
(54.333) :: 	Article obtained. - 142/500
(54.338) :: Querying article 13366628...
(54.645) :: 	Article obtained. - 143/500
(54.649) :: Querying article 13366627...
(54.941) :: 	Article obtained. - 144/500
(54.944) :: Querying article 13366624...
(55.218) :: 	Article obtained. - 145/500
(55.220) :: Querying article 13366615...
(55.512) :: 	Article obtained. - 146/500
(55.516) :: Querying article 13366614...
(55.785) :: 	Article obtained. - 147/500
(55.789) :: Querying article 13366591...
(57.550) :: 	Article obtained. - 148/500
(57.552) :: Querying article 13366568...
(57.832) :: 	Article obtained. - 149/500
(57.834) :: Querying article 13366558...
(59.094) :: 	Article obtained. - 150/500
(59.096) :: Querying article 13366555...
(59.378) :: 	Article obtained. - 151/500
(59.381) :: Querying article 13366547...
(59.656) :: 	Article obtained. - 152/500
(59.659) :: Querying article 13366542...
(59.939) :: 	Article obtained. - 153/500
(59.944) :: Querying article 13366531...
(60.232) :: 	Article obtained. - 154/500
(60.237) :: Querying article 13366530...
(60.528) :: 	Article obtained. - 155/500
(60.532) :: Querying article 13366522...
(60.811) :: 	Article obtained. - 156/500
(60.814) :: Querying article 13366520...
(61.117) :: 	Article obtained. - 157/500
(61.121) :: Querying article 13366517...
(61.394) :: 	Article obtained. - 158/500
(61.399) :: Querying article 13366513...
(61.696) :: 	Article obtained. - 159/500
(61.699) :: Querying article 13366498...
(61.973) :: 	Article obtained. - 160/500
(61.977) :: Querying article 13366489...
(62.255) :: 	Article obtained. - 161/500
(62.259) :: Querying article 13366484...
(63.639) :: 	Article obtained. - 162/500
(63.642) :: Querying article 13366474...
(63.932) :: 	Article obtained. - 163/500
(63.934) :: Querying article 13366472...
(64.218) :: 	Article obtained. - 164/500
(64.221) :: Querying article 13366471...
(64.498) :: 	Article obtained. - 165/500
(64.503) :: Querying article 13366452...
(64.816) :: 	Article obtained. - 166/500
(64.820) :: Querying article 13366445...
(65.098) :: 	Article obtained. - 167/500
(65.102) :: Querying article 13366441...
(65.380) :: 	Article obtained. - 168/500
(65.384) :: Querying article 13366437...
(65.658) :: 	Article obtained. - 169/500
(65.661) :: Querying article 13366418...
(65.940) :: 	Article obtained. - 170/500
(65.943) :: Querying article 13366398...
(66.221) :: 	Article obtained. - 171/500
(66.224) :: Querying article 13366392...
(66.508) :: 	Article obtained. - 172/500
(66.512) :: Querying article 13366372...
(66.793) :: 	Article obtained. - 173/500
(66.799) :: Querying article 13366356...
(67.068) :: 	Article obtained. - 174/500
(67.071) :: Querying article 13366349...
(67.365) :: 	Article obtained. - 175/500
(67.369) :: Querying article 13366338...
(68.090) :: 	Article obtained. - 176/500
(68.106) :: Querying article 13366304...
(68.403) :: 	Article obtained. - 177/500
(68.407) :: Querying article 13366281...
(68.693) :: 	Article obtained. - 178/500
(68.697) :: Querying article 13366275...
(68.972) :: 	Article obtained. - 179/500
(68.974) :: Querying article 13366274...
(69.256) :: 	Article obtained. - 180/500
(69.260) :: Querying article 13366255...
(69.535) :: 	Article obtained. - 181/500
(69.541) :: Querying article 13366228...
(69.823) :: 	Article obtained. - 182/500
(69.827) :: Querying article 13366227...
(70.120) :: 	Article obtained. - 183/500
(70.125) :: Querying article 13366216...
(70.566) :: 	Article obtained. - 184/500
(70.571) :: Querying article 13366214...
(70.850) :: 	Article obtained. - 185/500
(70.853) :: Querying article 13366211...
(71.133) :: 	Article obtained. - 186/500
(71.137) :: Querying article 13366210...
(71.410) :: 	Article obtained. - 187/500
(71.416) :: Querying article 13366208...
(71.695) :: 	Article obtained. - 188/500
(71.698) :: Querying article 13366200...
(71.970) :: 	Article obtained. - 189/500
(71.975) :: Querying article 13366174...
(72.257) :: 	Article obtained. - 190/500
(72.260) :: Querying article 13366170...
(72.536) :: 	Article obtained. - 191/500
(72.539) :: Querying article 13366169...
(72.832) :: 	Article obtained. - 192/500
(72.837) :: Querying article 13366165...
(73.129) :: 	Article obtained. - 193/500
(73.378) :: Querying article 13366154...
(73.653) :: 	Article obtained. - 194/500
(73.656) :: Querying article 13366153...
(73.935) :: 	Article obtained. - 195/500
(73.938) :: Querying article 13366139...
(74.209) :: 	Article obtained. - 196/500
(74.212) :: Querying article 13366127...
(74.487) :: 	Article obtained. - 197/500
(74.490) :: Querying article 13366125...
(74.765) :: 	Article obtained. - 198/500
(74.770) :: Querying article 13366123...
(75.053) :: 	Article obtained. - 199/500
(75.058) :: Querying article 13366107...
(75.336) :: 	Article obtained. - 200/500
(75.341) :: Querying article 13366106...
(76.759) :: 	Article obtained. - 201/500
(76.763) :: Querying article 13366098...
(77.039) :: 	Article obtained. - 202/500
(77.044) :: Querying article 13366073...
(77.312) :: 	Article obtained. - 203/500
(77.315) :: Querying article 13366061...
(77.610) :: 	Article obtained. - 204/500
(77.615) :: Querying article 13366047...
(77.910) :: 	Article obtained. - 205/500
(77.913) :: Querying article 13366043...
(78.193) :: 	Article obtained. - 206/500
(78.199) :: Querying article 13366039...
(78.477) :: 	Article obtained. - 207/500
(78.482) :: Querying article 13366038...
(78.755) :: 	Article obtained. - 208/500
(78.759) :: Querying article 13366035...
(79.039) :: 	Article obtained. - 209/500
(79.045) :: Querying article 13366032...
(79.328) :: 	Article obtained. - 210/500
(79.332) :: Querying article 13366027...
(79.611) :: 	Article obtained. - 211/500
(79.616) :: Querying article 13366025...
(79.888) :: 	Article obtained. - 212/500
(79.892) :: Querying article 13366011...
(80.177) :: 	Article obtained. - 213/500
(80.181) :: Querying article 13366009...
(80.457) :: 	Article obtained. - 214/500
(80.507) :: Querying article 13366007...
(80.803) :: 	Article obtained. - 215/500
(80.808) :: Querying article 13365984...
(81.098) :: 	Article obtained. - 216/500
(81.103) :: Querying article 13365974...
(81.650) :: 	Article obtained. - 217/500
(81.653) :: Querying article 13365965...
(81.952) :: 	Article obtained. - 218/500
(81.957) :: Querying article 13365963...
(84.424) :: 	Article obtained. - 219/500
(84.427) :: Querying article 13365960...
(84.703) :: 	Article obtained. - 220/500
(84.709) :: Querying article 13365957...
(84.978) :: 	Article obtained. - 221/500
(84.982) :: Querying article 13365944...
(85.261) :: 	Article obtained. - 222/500
(85.266) :: Querying article 13365923...
(85.535) :: 	Article obtained. - 223/500
(85.539) :: Querying article 13365920...
(86.867) :: 	Article obtained. - 224/500
(86.872) :: Querying article 13365919...
(87.152) :: 	Article obtained. - 225/500
(87.156) :: Querying article 13365914...
(87.431) :: 	Article obtained. - 226/500
(87.437) :: Querying article 13365909...
(87.713) :: 	Article obtained. - 227/500
(87.717) :: Querying article 13365893...
(87.991) :: 	Article obtained. - 228/500
(87.995) :: Querying article 13365878...
(88.268) :: 	Article obtained. - 229/500
(88.274) :: Querying article 13365854...
(88.553) :: 	Article obtained. - 230/500
(88.557) :: Querying article 13365853...
(88.826) :: 	Article obtained. - 231/500
(88.831) :: Querying article 13365848...
(89.099) :: 	Article obtained. - 232/500
(89.104) :: Querying article 13365846...
(95.904) :: 	Article obtained. - 233/500
(95.908) :: Querying article 13365835...
(96.186) :: 	Article obtained. - 234/500
(96.191) :: Querying article 13365827...
(96.470) :: 	Article obtained. - 235/500
(96.475) :: Querying article 13365822...
(96.758) :: 	Article obtained. - 236/500
(96.763) :: Querying article 13365806...
(97.040) :: 	Article obtained. - 237/500
(97.045) :: Querying article 13365800...
(97.324) :: 	Article obtained. - 238/500
(97.329) :: Querying article 13365792...
(97.608) :: 	Article obtained. - 239/500
(97.613) :: Querying article 13365779...
(97.891) :: 	Article obtained. - 240/500
(97.896) :: Querying article 13365776...
(98.169) :: 	Article obtained. - 241/500
(98.174) :: Querying article 13365774...
(98.464) :: 	Article obtained. - 242/500
(98.467) :: Querying article 13365765...
(100.147) :: 	Article obtained. - 243/500
(100.151) :: Querying article 13365760...
(101.152) :: 	Article obtained. - 244/500
(101.157) :: Querying article 13365759...
(101.444) :: 	Article obtained. - 245/500
(101.449) :: Querying article 13365751...
(101.730) :: 	Article obtained. - 246/500
(101.735) :: Querying article 13365750...
(102.018) :: 	Article obtained. - 247/500
(102.023) :: Querying article 13365744...
(102.306) :: 	Article obtained. - 248/500
(102.312) :: Querying article 13365737...
(102.590) :: 	Article obtained. - 249/500
(102.594) :: Querying article 13365732...
(102.883) :: 	Article obtained. - 250/500
(102.888) :: Querying article 13365730...
(103.175) :: 	Article obtained. - 251/500
(103.186) :: Querying article 13365716...
(103.469) :: 	Article obtained. - 252/500
(103.474) :: Querying article 13365682...
(103.769) :: 	Article obtained. - 253/500
(103.775) :: Querying article 13365675...
(104.059) :: 	Article obtained. - 254/500
(104.063) :: Querying article 13365670...
(104.342) :: 	Article obtained. - 255/500
(104.346) :: Querying article 13365669...
(104.623) :: 	Article obtained. - 256/500
(104.628) :: Querying article 13365658...
(104.906) :: 	Article obtained. - 257/500
(104.910) :: Querying article 13365652...
(105.195) :: 	Article obtained. - 258/500
(105.199) :: Querying article 13365645...
(105.476) :: 	Article obtained. - 259/500
(105.481) :: Querying article 13365639...
(105.936) :: 	Article obtained. - 260/500
(105.943) :: Querying article 13365619...
(106.231) :: 	Article obtained. - 261/500
(106.237) :: Querying article 13365616...
(106.536) :: 	Article obtained. - 262/500
(106.541) :: Querying article 13365607...
(106.827) :: 	Article obtained. - 263/500
(106.833) :: Querying article 13365602...
(107.113) :: 	Article obtained. - 264/500
(107.118) :: Querying article 13365597...
(107.395) :: 	Article obtained. - 265/500
(107.399) :: Querying article 13365582...
(107.724) :: 	Article obtained. - 266/500
(107.728) :: Querying article 13365577...
(108.014) :: 	Article obtained. - 267/500
(108.019) :: Querying article 13365569...
(108.311) :: 	Article obtained. - 268/500
(108.315) :: Querying article 13365562...
(108.603) :: 	Article obtained. - 269/500
(108.706) :: Querying article 13365559...
(108.989) :: 	Article obtained. - 270/500
(108.993) :: Querying article 13365544...
(109.287) :: 	Article obtained. - 271/500
(109.292) :: Querying article 13365542...
(109.578) :: 	Article obtained. - 272/500
(109.582) :: Querying article 13365540...
(109.861) :: 	Article obtained. - 273/500
(109.866) :: Querying article 13365534...
(110.663) :: 	Article obtained. - 274/500
(110.668) :: Querying article 13365497...
(110.939) :: 	Article obtained. - 275/500
(110.944) :: Querying article 13365492...
(111.223) :: 	Article obtained. - 276/500
(111.266) :: Querying article 13365487...
(111.555) :: 	Article obtained. - 277/500
(113.056) :: Querying article 13365483...
(113.332) :: 	Article obtained. - 278/500
(113.336) :: Querying article 13365470...
(113.610) :: 	Article obtained. - 279/500
(113.616) :: Querying article 13365468...
(113.909) :: 	Article obtained. - 280/500
(113.914) :: Querying article 13365464...
(114.189) :: 	Article obtained. - 281/500
(114.369) :: Querying article 13365456...
(114.652) :: 	Article obtained. - 282/500
(114.657) :: Querying article 13365455...
(114.933) :: 	Article obtained. - 283/500
(114.938) :: Querying article 13365454...
(115.234) :: 	Article obtained. - 284/500
(115.239) :: Querying article 13365444...
(115.516) :: 	Article obtained. - 285/500
(116.213) :: Querying article 13365430...
(116.496) :: 	Article obtained. - 286/500
(116.501) :: Querying article 13365423...
(116.782) :: 	Article obtained. - 287/500
(116.787) :: Querying article 13365410...
(117.071) :: 	Article obtained. - 288/500
(117.076) :: Querying article 13365404...
(117.352) :: 	Article obtained. - 289/500
(117.356) :: Querying article 13365401...
(118.555) :: 	Article obtained. - 290/500
(118.560) :: Querying article 13365391...
(118.834) :: 	Article obtained. - 291/500
(118.839) :: Querying article 13365389...
(119.839) :: 	Article obtained. - 292/500
(119.847) :: Querying article 13365386...
(120.132) :: 	Article obtained. - 293/500
(120.136) :: Querying article 13365378...
(121.798) :: 	Article obtained. - 294/500
(121.804) :: Querying article 13365367...
(122.075) :: 	Article obtained. - 295/500
(122.080) :: Querying article 13365364...
(122.362) :: 	Article obtained. - 296/500
(122.367) :: Querying article 13365363...
(123.534) :: 	Article obtained. - 297/500
(123.540) :: Querying article 13365359...
(123.831) :: 	Article obtained. - 298/500
(123.840) :: Querying article 13365348...
(124.121) :: 	Article obtained. - 299/500
(124.126) :: Querying article 13365337...
(124.409) :: 	Article obtained. - 300/500
(124.414) :: Querying article 13365336...
(124.683) :: 	Article obtained. - 301/500
(124.689) :: Querying article 13365335...
(124.969) :: 	Article obtained. - 302/500
(124.975) :: Querying article 13365312...
(125.256) :: 	Article obtained. - 303/500
(125.261) :: Querying article 13365298...
(125.535) :: 	Article obtained. - 304/500
(125.540) :: Querying article 13365287...
(125.816) :: 	Article obtained. - 305/500
(125.821) :: Querying article 13365282...
(126.102) :: 	Article obtained. - 306/500
(126.107) :: Querying article 13365258...
(126.386) :: 	Article obtained. - 307/500
(126.391) :: Querying article 13365245...
(126.682) :: 	Article obtained. - 308/500
(126.687) :: Querying article 13365233...
(126.993) :: 	Article obtained. - 309/500
(127.015) :: Querying article 13365227...
(127.329) :: 	Article obtained. - 310/500
(127.333) :: Querying article 13365222...
(127.632) :: 	Article obtained. - 311/500
(127.646) :: Querying article 13365211...
(127.944) :: 	Article obtained. - 312/500
(127.956) :: Querying article 13365187...
(128.241) :: 	Article obtained. - 313/500
(128.245) :: Querying article 13365179...
(128.517) :: 	Article obtained. - 314/500
(128.522) :: Querying article 13365175...
(128.812) :: 	Article obtained. - 315/500
(128.820) :: Querying article 13365170...
(129.103) :: 	Article obtained. - 316/500
(129.108) :: Querying article 13365158...
(129.392) :: 	Article obtained. - 317/500
(129.399) :: Querying article 13365149...
(129.690) :: 	Article obtained. - 318/500
(129.722) :: Querying article 13365140...
(129.997) :: 	Article obtained. - 319/500
(130.003) :: Querying article 13365137...
(130.284) :: 	Article obtained. - 320/500
(130.289) :: Querying article 13365135...
(130.567) :: 	Article obtained. - 321/500
(130.573) :: Querying article 13365133...
(130.870) :: 	Article obtained. - 322/500
(130.876) :: Querying article 13365126...
(131.150) :: 	Article obtained. - 323/500
(131.154) :: Querying article 13365124...
(131.433) :: 	Article obtained. - 324/500
(131.439) :: Querying article 13365116...
(131.718) :: 	Article obtained. - 325/500
(131.723) :: Querying article 13365113...
(132.008) :: 	Article obtained. - 326/500
(132.013) :: Querying article 13365102...
(132.293) :: 	Article obtained. - 327/500
(132.298) :: Querying article 13365091...
(132.567) :: 	Article obtained. - 328/500
(132.572) :: Querying article 13365083...
(135.851) :: 	Article obtained. - 329/500
(135.856) :: Querying article 13365074...
(136.131) :: 	Article obtained. - 330/500
(136.136) :: Querying article 13365070...
(136.410) :: 	Article obtained. - 331/500
(136.416) :: Querying article 13365069...
(136.722) :: 	Article obtained. - 332/500
(136.803) :: Querying article 13365068...
(137.116) :: 	Article obtained. - 333/500
(137.121) :: Querying article 13365067...
(137.400) :: 	Article obtained. - 334/500
(137.406) :: Querying article 13365062...
(137.678) :: 	Article obtained. - 335/500
(137.683) :: Querying article 13365057...
(137.986) :: 	Article obtained. - 336/500
(137.992) :: Querying article 13365053...
(138.263) :: 	Article obtained. - 337/500
(138.268) :: Querying article 13365046...
(138.562) :: 	Article obtained. - 338/500
(138.568) :: Querying article 13365044...
(138.871) :: 	Article obtained. - 339/500
(138.876) :: Querying article 13365041...
(139.165) :: 	Article obtained. - 340/500
(139.172) :: Querying article 13365026...
(139.451) :: 	Article obtained. - 341/500
(139.461) :: Querying article 13365024...
(139.743) :: 	Article obtained. - 342/500
(139.749) :: Querying article 13365018...
(140.031) :: 	Article obtained. - 343/500
(140.036) :: Querying article 13365013...
(140.324) :: 	Article obtained. - 344/500
(140.330) :: Querying article 13365010...
(140.606) :: 	Article obtained. - 345/500
(140.612) :: Querying article 13365008...
(140.895) :: 	Article obtained. - 346/500
(140.902) :: Querying article 13364994...
(141.179) :: 	Article obtained. - 347/500
(141.185) :: Querying article 13364987...
(141.463) :: 	Article obtained. - 348/500
(141.471) :: Querying article 13364965...
(141.760) :: 	Article obtained. - 349/500
(141.765) :: Querying article 13364961...
(143.183) :: 	Article obtained. - 350/500
(143.188) :: Querying article 13364937...
(143.504) :: 	Article obtained. - 351/500
(143.541) :: Querying article 13364932...
(143.857) :: 	Article obtained. - 352/500
(143.868) :: Querying article 13364924...
(144.215) :: 	Article obtained. - 353/500
(144.227) :: Querying article 13364921...
(144.549) :: 	Article obtained. - 354/500
(144.562) :: Querying article 13364899...
(144.852) :: 	Article obtained. - 355/500
(144.869) :: Querying article 13364870...
(145.201) :: 	Article obtained. - 356/500
(145.214) :: Querying article 13364864...
(145.536) :: 	Article obtained. - 357/500
(145.542) :: Querying article 13364860...
(145.816) :: 	Article obtained. - 358/500
(145.821) :: Querying article 13364850...
(146.093) :: 	Article obtained. - 359/500
(146.100) :: Querying article 13364836...
(146.374) :: 	Article obtained. - 360/500
(146.379) :: Querying article 13364828...
(146.655) :: 	Article obtained. - 361/500
(146.660) :: Querying article 13364826...
(146.931) :: 	Article obtained. - 362/500
(146.937) :: Querying article 13364814...
(147.212) :: 	Article obtained. - 363/500
(147.219) :: Querying article 13364811...
(147.503) :: 	Article obtained. - 364/500
(147.510) :: Querying article 13364806...
(148.167) :: 	Article obtained. - 365/500
(148.174) :: Querying article 13364803...
(148.449) :: 	Article obtained. - 366/500
(148.458) :: Querying article 13364798...
(148.736) :: 	Article obtained. - 367/500
(148.742) :: Querying article 13364797...
(149.100) :: 	Article obtained. - 368/500
(149.106) :: Querying article 13364789...
(149.412) :: 	Article obtained. - 369/500
(149.421) :: Querying article 13364778...
(149.772) :: 	Article obtained. - 370/500
(149.847) :: Querying article 13364770...
(150.154) :: 	Article obtained. - 371/500
(150.171) :: Querying article 13364769...
(150.454) :: 	Article obtained. - 372/500
(150.460) :: Querying article 13364766...
(150.746) :: 	Article obtained. - 373/500
(150.754) :: Querying article 13364765...
(151.043) :: 	Article obtained. - 374/500
(151.049) :: Querying article 13364759...
(151.357) :: 	Article obtained. - 375/500
(151.362) :: Querying article 13364757...
(151.638) :: 	Article obtained. - 376/500
(151.645) :: Querying article 13364745...
(151.920) :: 	Article obtained. - 377/500
(151.953) :: Querying article 13364722...
(152.246) :: 	Article obtained. - 378/500
(152.253) :: Querying article 13364715...
(152.528) :: 	Article obtained. - 379/500
(152.533) :: Querying article 13364709...
(152.815) :: 	Article obtained. - 380/500
(152.821) :: Querying article 13364702...
(153.091) :: 	Article obtained. - 381/500
(153.121) :: Querying article 13364689...
(153.398) :: 	Article obtained. - 382/500
(153.404) :: Querying article 13364686...
(153.678) :: 	Article obtained. - 383/500
(153.686) :: Querying article 13364682...
(153.972) :: 	Article obtained. - 384/500
(153.979) :: Querying article 13364671...
(154.292) :: 	Article obtained. - 385/500
(154.297) :: Querying article 13364670...
(154.576) :: 	Article obtained. - 386/500
(154.582) :: Querying article 13364666...
(154.878) :: 	Article obtained. - 387/500
(154.883) :: Querying article 13364664...
(155.160) :: 	Article obtained. - 388/500
(155.166) :: Querying article 13364663...
(155.444) :: 	Article obtained. - 389/500
(155.451) :: Querying article 13364661...
(155.729) :: 	Article obtained. - 390/500
(155.736) :: Querying article 13364651...
(156.013) :: 	Article obtained. - 391/500
(156.020) :: Querying article 13364649...
(156.328) :: 	Article obtained. - 392/500
(156.342) :: Querying article 13364647...
(156.656) :: 	Article obtained. - 393/500
(156.662) :: Querying article 13364646...
(156.972) :: 	Article obtained. - 394/500
(156.989) :: Querying article 13364642...
(157.327) :: 	Article obtained. - 395/500
(157.341) :: Querying article 13364636...
(157.629) :: 	Article obtained. - 396/500
(157.637) :: Querying article 13364631...
(157.922) :: 	Article obtained. - 397/500
(157.935) :: Querying article 13364623...
(158.261) :: 	Article obtained. - 398/500
(158.272) :: Querying article 13364622...
(158.578) :: 	Article obtained. - 399/500
(158.585) :: Querying article 13364611...
(158.882) :: 	Article obtained. - 400/500
(158.887) :: Querying article 13364605...
(159.170) :: 	Article obtained. - 401/500
(159.176) :: Querying article 13364603...
(159.449) :: 	Article obtained. - 402/500
(159.456) :: Querying article 13364583...
(159.740) :: 	Article obtained. - 403/500
(159.748) :: Querying article 13364582...
(160.033) :: 	Article obtained. - 404/500
(160.039) :: Querying article 13364580...
(160.342) :: 	Article obtained. - 405/500
(160.348) :: Querying article 13364578...
(160.623) :: 	Article obtained. - 406/500
(160.629) :: Querying article 13364573...
(160.903) :: 	Article obtained. - 407/500
(160.909) :: Querying article 13364569...
(161.184) :: 	Article obtained. - 408/500
(161.191) :: Querying article 13364566...
(161.469) :: 	Article obtained. - 409/500
(161.475) :: Querying article 13364561...
(161.755) :: 	Article obtained. - 410/500
(161.764) :: Querying article 13364559...
(162.037) :: 	Article obtained. - 411/500
(162.043) :: Querying article 13364556...
(162.330) :: 	Article obtained. - 412/500
(162.337) :: Querying article 13364552...
(162.631) :: 	Article obtained. - 413/500
(162.697) :: Querying article 13364547...
(162.991) :: 	Article obtained. - 414/500
(162.997) :: Querying article 13364541...
(163.279) :: 	Article obtained. - 415/500
(163.288) :: Querying article 13364540...
(163.561) :: 	Article obtained. - 416/500
(163.567) :: Querying article 13364538...
(163.853) :: 	Article obtained. - 417/500
(163.859) :: Querying article 13364537...
(164.139) :: 	Article obtained. - 418/500
(164.147) :: Querying article 13364533...
(164.429) :: 	Article obtained. - 419/500
(164.435) :: Querying article 13364530...
(165.915) :: 	Article obtained. - 420/500
(165.925) :: Querying article 13364527...
(166.197) :: 	Article obtained. - 421/500
(166.204) :: Querying article 13364524...
(166.483) :: 	Article obtained. - 422/500
(166.491) :: Querying article 13364514...
(166.771) :: 	Article obtained. - 423/500
(166.794) :: Querying article 13364511...
(168.387) :: 	Article obtained. - 424/500
(168.396) :: Querying article 13364505...
(168.675) :: 	Article obtained. - 425/500
(168.681) :: Querying article 13364496...
(168.958) :: 	Article obtained. - 426/500
(168.964) :: Querying article 13364492...
(169.261) :: 	Article obtained. - 427/500
(169.268) :: Querying article 13364483...
(169.548) :: 	Article obtained. - 428/500
(169.555) :: Querying article 13364479...
(169.833) :: 	Article obtained. - 429/500
(169.839) :: Querying article 13364477...
(170.109) :: 	Article obtained. - 430/500
(170.115) :: Querying article 13364476...
(170.411) :: 	Article obtained. - 431/500
(170.417) :: Querying article 13364475...
(170.712) :: 	Article obtained. - 432/500
(170.718) :: Querying article 13364472...
(171.858) :: 	Article obtained. - 433/500
(171.864) :: Querying article 13364465...
(172.146) :: 	Article obtained. - 434/500
(172.152) :: Querying article 13364459...
(172.453) :: 	Article obtained. - 435/500
(172.461) :: Querying article 13364454...
(172.731) :: 	Article obtained. - 436/500
(172.737) :: Querying article 13364444...
(173.020) :: 	Article obtained. - 437/500
(173.027) :: Querying article 13364443...
(173.308) :: 	Article obtained. - 438/500
(173.315) :: Querying article 13364425...
(173.604) :: 	Article obtained. - 439/500
(173.613) :: Querying article 13364424...
(173.890) :: 	Article obtained. - 440/500
(173.898) :: Querying article 13364422...
(174.174) :: 	Article obtained. - 441/500
(174.183) :: Querying article 13364413...
(174.481) :: 	Article obtained. - 442/500
(174.487) :: Querying article 13364402...
(174.766) :: 	Article obtained. - 443/500
(174.772) :: Querying article 13364400...
(175.046) :: 	Article obtained. - 444/500
(175.052) :: Querying article 13364395...
(175.329) :: 	Article obtained. - 445/500
(175.335) :: Querying article 13364390...
(175.628) :: 	Article obtained. - 446/500
(175.646) :: Querying article 13364376...
(175.922) :: 	Article obtained. - 447/500
(175.929) :: Querying article 13364354...
(176.212) :: 	Article obtained. - 448/500
(176.271) :: Querying article 13364350...
(176.544) :: 	Article obtained. - 449/500
(176.554) :: Querying article 13364339...
(176.836) :: 	Article obtained. - 450/500
(176.842) :: Querying article 13364329...
(177.129) :: 	Article obtained. - 451/500
(177.135) :: Querying article 13364325...
(177.422) :: 	Article obtained. - 452/500
(177.429) :: Querying article 13364315...
(177.740) :: 	Article obtained. - 453/500
(177.748) :: Querying article 13364300...
(178.058) :: 	Article obtained. - 454/500
(178.068) :: Querying article 13364292...
(178.350) :: 	Article obtained. - 455/500
(178.357) :: Querying article 13364291...
(178.637) :: 	Article obtained. - 456/500
(178.643) :: Querying article 13364287...
(178.920) :: 	Article obtained. - 457/500
(178.987) :: Querying article 13364281...
(179.268) :: 	Article obtained. - 458/500
(179.274) :: Querying article 13364279...
(179.565) :: 	Article obtained. - 459/500
(179.572) :: Querying article 13364278...
(179.849) :: 	Article obtained. - 460/500
(179.855) :: Querying article 13364274...
(180.133) :: 	Article obtained. - 461/500
(180.140) :: Querying article 13364273...
(180.429) :: 	Article obtained. - 462/500
(180.438) :: Querying article 13364269...
(180.721) :: 	Article obtained. - 463/500
(180.728) :: Querying article 13364268...
(181.004) :: 	Article obtained. - 464/500
(181.010) :: Querying article 13364263...
(181.289) :: 	Article obtained. - 465/500
(181.296) :: Querying article 13364260...
(181.567) :: 	Article obtained. - 466/500
(181.574) :: Querying article 13364258...
(181.847) :: 	Article obtained. - 467/500
(181.854) :: Querying article 13364254...
(182.133) :: 	Article obtained. - 468/500
(182.140) :: Querying article 13364246...
(182.420) :: 	Article obtained. - 469/500
(182.440) :: Querying article 13364245...
(182.732) :: 	Article obtained. - 470/500
(182.738) :: Querying article 13364243...
(183.017) :: 	Article obtained. - 471/500
(183.052) :: Querying article 13364242...
(183.340) :: 	Article obtained. - 472/500
(183.349) :: Querying article 13364239...
(183.621) :: 	Article obtained. - 473/500
(183.628) :: Querying article 13364236...
(183.901) :: 	Article obtained. - 474/500
(183.910) :: Querying article 13364226...
(184.230) :: 	Article obtained. - 475/500
(184.237) :: Querying article 13364225...
(185.624) :: 	Article obtained. - 476/500
(185.632) :: Querying article 13364223...
(187.309) :: 	Article obtained. - 477/500
(187.316) :: Querying article 13364222...
(187.601) :: 	Article obtained. - 478/500
(187.609) :: Querying article 13364218...
(187.885) :: 	Article obtained. - 479/500
(187.892) :: Querying article 13364214...
(188.167) :: 	Article obtained. - 480/500
(188.174) :: Querying article 13364212...
(188.478) :: 	Article obtained. - 481/500
(188.497) :: Querying article 13364211...
(188.800) :: 	Article obtained. - 482/500
(188.811) :: Querying article 13364201...
(189.098) :: 	Article obtained. - 483/500
(189.106) :: Querying article 13364197...
(189.386) :: 	Article obtained. - 484/500
(189.393) :: Querying article 13364191...
(189.677) :: 	Article obtained. - 485/500
(189.684) :: Querying article 13364172...
(189.966) :: 	Article obtained. - 486/500
(189.972) :: Querying article 13364170...
(190.259) :: 	Article obtained. - 487/500
(190.265) :: Querying article 13364164...
(190.558) :: 	Article obtained. - 488/500
(190.566) :: Querying article 13364161...
(190.849) :: 	Article obtained. - 489/500
(190.857) :: Querying article 13364142...
(191.140) :: 	Article obtained. - 490/500
(191.148) :: Querying article 13364136...
(191.427) :: 	Article obtained. - 491/500
(191.433) :: Querying article 13364126...
(191.709) :: 	Article obtained. - 492/500
(191.715) :: Querying article 13364124...
(191.990) :: 	Article obtained. - 493/500
(191.996) :: Querying article 13364118...
(192.310) :: 	Article obtained. - 494/500
(192.316) :: Querying article 13364112...
(192.609) :: 	Article obtained. - 495/500
(192.639) :: Querying article 13364111...
(192.949) :: 	Article obtained. - 496/500
(192.957) :: Querying article 13364109...
(193.236) :: 	Article obtained. - 497/500
(193.243) :: Querying article 13364107...
(193.525) :: 	Article obtained. - 498/500
(193.545) :: Querying article 13364106...
(193.845) :: 	Article obtained. - 499/500
(193.865) :: Querying article 13364100...
(194.186) :: 	Article obtained. - 500/500
(194.206) :: 
(194.207) :: Scrape complete.
(194.211) :: Average article query time: 0.372 seconds
(194.212) :: Total scrape time: 194.206 seconds
