
# Opened logfile. (2017-01-10 13:26:32.450816)
Attemping to save dataset "./space/data/first_scrape.json"...
Successfully saved dataset!
Attempting to save helper data "./space/data/first_scrape_data.json"...
Successfully saved helper data!
Attempting to load dataset "./space/data/first_scrape.json"...
Successfully loaded dataset!
Attemping to save dataset "./space/data/first_suffix.json"...
Successfully saved dataset!
Attempting to load dataset "./space/data/first_cleaned.json"...

# Opened logfile. (2017-01-10 13:28:59.639078)
Attempting to load dataset "./space/data/first_scrape.json"...
Successfully loaded dataset!
Attemping to save dataset "./space/data/first_cleaned.json"...
Successfully saved dataset!
Attempting to load dataset "./space/data/first_cleaned.json"...
Successfully loaded dataset!
# Closing logfile.

# Opened logfile. (2017-01-10 16:45:42.309799)
Attempting to load session "./space/data/first_classified_session.json"...

# Opened logfile. (2017-01-10 16:46:11.115174)
Attempting to load dataset "./space/data/first_scrape.json"...
Successfully loaded dataset!
Attemping to save dataset "./space/data/first_cleaned.json"...
Successfully saved dataset!
Attempting to load dataset "./space/data/first_cleaned.json"...
Successfully loaded dataset!
# Closing logfile.

# Opened logfile. (2017-01-10 16:52:45.230853)
Attempting to load dataset "./space/data/first_scrape.json"...
Successfully loaded dataset!
Attemping to save dataset "./space/data/first_cleaned.json"...
Successfully saved dataset!
Attempting to load dataset "./space/data/first_cleaned.json"...
Successfully loaded dataset!
# Closing logfile.

# Opened logfile. (2017-01-11 16:39:48.337977)
Attempting to load session "./space/data/first_classified_session.json"...
Succsesfully loaded session data!
# Closing logfile.

# Opened logfile. (2017-01-13 18:08:40.350021)
Attempting to load session "./space/data/first_classified_session.json"...
Succsesfully loaded session data!
Attemping to save dataset "./space/data/first_classified.json"...
Successfully saved dataset!
Attempting to save helper data "./space/data/first_classified_data.json"...
Successfully saved helper data!
# Closing logfile.
