
(0 sec) Initializing scraper...

Found previous temp/save files!

(0 sec) Querying new stories...
(0 sec) Queried new story list!

Article list count: 500

(0 sec) querying article 13301802...
(1 sec) "Dolphin Progress Report: December 2016" - 226/500
(1 sec) querying article 13301779...
(1 sec) "How a programmer books flights" - 227/500
(1 sec) querying article 13301777...
(1 sec) "CES 2017: Top Tech Trends to Watch Out at 50th Anniversary" - 228/500
(1 sec) querying article 13301755...
(2 sec) "Clara.io: Model, Animate and Render Online" - 229/500
(2 sec) querying article 13301746...
(2 sec) "Ask HN: Does your company do a lunch and learn?" - 230/500
(2 sec) querying article 13301745...
(3 sec) "What will break people's addictions to their phones?" - 231/500
(3 sec) querying article 13301731...
(3 sec) "Dynamic Git Branch Subdomains with Laravel Envoyer and Apache" - 232/500
(3 sec) querying article 13301725...
(3 sec) "The How and Why of Spark and Couchbase" - 233/500
(3 sec) querying article 13301721...
(4 sec) "Ctrl+Paint Digital Painting Video Library" - 234/500
(4 sec) querying article 13301704...
(4 sec) "Being an Environmentalist in the Age of Trump" - 235/500
(4 sec) querying article 13301688...
(5 sec) "Kindle e-book supply hits 5M mark" - 236/500
(5 sec) querying article 13301676...
(5 sec) ".NET Core nightlies available for all Windows architectures, including ARM64" - 237/500
(5 sec) querying article 13301670...
(6 sec) "Ask HN: If sharing music is illegal, how am I able to share music on WhatsApp?" - 238/500
(6 sec) querying article 13301665...
(6 sec) "The Most Important Design Jobs of the Future" - 239/500
(6 sec) querying article 13301653...
(6 sec) "SQL is the new Excel" - 240/500
(6 sec) querying article 13301648...
(7 sec) "A fun and colorful explanation of how DNS works" - 241/500
(7 sec) querying article 13301645...
(7 sec) "Show HN: GrammarLint is a tool for linting your grammar." - 242/500
(7 sec) querying article 13301633...
(8 sec) "The Best and Worst User Interfaces of 2016" - 243/500
(8 sec) querying article 13301601...
(8 sec) "Applying a permutation to a vector, part 1" - 244/500
(8 sec) querying article 13301599...
(8 sec) "The Programmer?s Guide to Booking a Plane" - 245/500
(8 sec) querying article 13301590...
(9 sec) "The Chatbot Will See You Now" - 246/500
(9 sec) querying article 13301587...
(9 sec) "Decision-tree" - 247/500
(9 sec) querying article 13301573...
(9 sec) "Don?t Fight Sober" - 248/500
(9 sec) querying article 13301551...
(10 sec) "?Experience? as a Differentiator: Economic Musings of a Novice" - 249/500
(10 sec) querying article 13301546...
(10 sec) "Making a cheap, scalable image server with AWS Lambda and API Gateway" - 250/500
(10 sec) querying article 13301530...
(11 sec) "The Extinction Crisis" - 251/500
(11 sec) querying article 13301522...
(11 sec) "The Best Product, Engineering and Business Knowledge for Startups" - 252/500
(11 sec) querying article 13301499...
(11 sec) "AI in fintech: 7 trends for 2017" - 253/500
(11 sec) querying article 13301479...
(12 sec) "Show HN: DeepRadio lets you search and clip radio snippets" - 254/500
(12 sec) querying article 13301444...
(12 sec) "We dedicated a year to self-improvement: here?s what it taught us" - 255/500
(12 sec) querying article 13301441...
(13 sec) "MVVM with RxSwift" - 256/500
(13 sec) querying article 13301438...
(13 sec) "Building your own Multi-Model Database ? Part 3" - 257/500
(13 sec) querying article 13301433...
(13 sec) "The Year in Housing: The Middle Class Can't Afford to Live in Cities Anymore" - 258/500
(13 sec) querying article 13301429...
(17 sec) "Show HN: Monitoring for downtime, performance, malware, vulnerabilities and fraud" - 259/500
(17 sec) querying article 13301423...
(17 sec) "Couple Held in China Are Free, but ?Even Now We Live Under a Cloud?" - 260/500
(17 sec) querying article 13301409...
(18 sec) "ASCII spinners in console applications" - 261/500
(18 sec) querying article 13301391...
(18 sec) "Drawing the Solar System" - 262/500
(18 sec) querying article 13301382...
(19 sec) "A Picture of Language: The Fading Art of Diagramming Sentences Ed" - 263/500
(19 sec) querying article 13301368...
(19 sec) "SpaceX says it has found cause of rocket explosion and plans to fly again Sunday" - 264/500
(19 sec) querying article 13301352...
(19 sec) "VW Set to Launch Ride Hailing Service in Rwanda Later in 2017" - 265/500
(19 sec) querying article 13301345...
(20 sec) "Ask HN: New Year's resolution ? What projects are you planning to start in 2017?" - 266/500
(20 sec) querying article 13301333...
(20 sec) "Always Learning, but Never for the Sake of It" - 267/500
(20 sec) querying article 13301330...
(23 sec) "BDD Tests for Hadoop with Cucumber. Part I" - 268/500
(24 sec) querying article 13301328...
(25 sec) "Tomatoes, or How Not to Define ?Art?" - 269/500
(25 sec) querying article 13301320...
(26 sec) "CES 2017: What to expect at the biggest tech trade show of the year" - 270/500
(26 sec) querying article 13301307...
(27 sec) "OpenPGP really works" - 271/500
(27 sec) querying article 13301303...
(27 sec) "TruffleHog ? Searches through Git repositories for high entropy strings" - 272/500
(27 sec) querying article 13301295...
(28 sec) "Tresorit ? End-To-End Encrypted Cloud Storage for Businesses" - 273/500
(28 sec) querying article 13301280...
(28 sec) "Why HTTPS for Everything?" - 274/500
(28 sec) querying article 13301271...
(29 sec) "Why don't Google sign emails?" - 275/500
(29 sec) querying article 13301252...
(29 sec) "The Big Checklist for Software Companies" - 276/500
(29 sec) querying article 13301244...
(30 sec) "Bitcoin, Blockchain and the design elements explained" - 277/500
(30 sec) querying article 13301234...
(30 sec) "An Introduction to Information Processing Language V (1960) [pdf]" - 278/500
(30 sec) querying article 13301230...
(32 sec) "Build a Listings Agent Website in 4 Steps" - 279/500
(32 sec) querying article 13301216...
(32 sec) "How to Log Client-Side JavaScript Errors" - 280/500
(32 sec) querying article 13301215...
(32 sec) "Git-annex: Peer-to-peer network with Tor" - 281/500
(32 sec) querying article 13301200...
(33 sec) "Investigation of the Ville Platte PD and the Evangeline Parish Sheriff?s Office" - 282/500
(33 sec) querying article 13301196...
(33 sec) "RxJs Editor" - 283/500
(33 sec) querying article 13301191...
(34 sec) "Show HN: SavTravv Hotels, Leave the Hotel Rate Hacking to Someone with More Time" - 284/500
(34 sec) querying article 13301176...
(34 sec) "Solving Every Sudoku Puzzle" - 285/500
(34 sec) querying article 13301170...
(35 sec) "How to Develop iOS Apps on Linux Using React Native" - 286/500
(35 sec) querying article 13301145...
(35 sec) "MacOS could drop below 6% market share this month" - 287/500
(35 sec) querying article 13301132...
(35 sec) "Organ donation becomes opt-out in France" - 288/500
(35 sec) querying article 13301114...
(36 sec) "Yeah Boi" - 289/500
(36 sec) querying article 13301113...
(36 sec) "Guest Experience Management for Hospitality Industry" - 290/500
(36 sec) querying article 13301105...
(36 sec) "Token-Based Authentication with Node" - 291/500
(36 sec) querying article 13301097...
(37 sec) "Long-term stress erodes memory" - 292/500
(37 sec) querying article 13301093...
(37 sec) "Political correctness: how the right invented a phantom enemy" - 293/500
(37 sec) querying article 13301087...
(39 sec) "Why is there no fake news on LinkedIn? Listen to its editor explain" - 294/500
(39 sec) querying article 13301082...
(39 sec) "How to be a good host: miniKanren as a case study" - 295/500
(39 sec) querying article 13301071...
(40 sec) "Rust on the WiFi Pineapple (and OpenWrt)" - 296/500
(40 sec) querying article 13301062...
(41 sec) "Edge 2017: What scientific term or concept ought to be more widely known?" - 297/500
(41 sec) querying article 13301051...
(43 sec) "[Computer-go] Are the AlphaGols coming?" - 298/500
(43 sec) querying article 13301048...
(43 sec) "In the auto world, risk is a tradition as old as racing" - 299/500
(43 sec) querying article 13301046...
(43 sec) "A New Batch of Deep Learning Startups to Watch for in 2017" - 300/500
(43 sec) querying article 13301039...
(46 sec) "How Real is Reality?" - 301/500
(46 sec) querying article 13301033...
(47 sec) "What is miniKanren?" - 302/500
(47 sec) querying article 13300990...
(48 sec) "An Inspiring Story of Weight Loss and Its Aftermath" - 303/500
(48 sec) querying article 13300986...
(48 sec) "Uber loses over $800M in Q3" - 304/500
(48 sec) querying article 13300980...
(48 sec) "Google Helping Mobile Publishing? Some Publishers Are Not So Sure" - 305/500
(48 sec) querying article 13300971...
(50 sec) "Networked leadership" - 306/500
(50 sec) querying article 13300967...
(50 sec) "Raking It in ? An Example of Daily Mail Distortions" - 307/500
(50 sec) querying article 13300958...
(51 sec) "Key Factors for Driving Energy Efficiency in Data Centers" - 308/500
(51 sec) querying article 13300955...
(51 sec) "Ask HN: Devs: How did you go from writing just code, to writing code + tests?" - 309/500
(51 sec) querying article 13300944...
(52 sec) "3D-Printed 3-Phase Brushless Motor" - 310/500
(52 sec) querying article 13300940...
(52 sec) "Micro ? a modern and intuitive terminal-based text editor" - 311/500
(52 sec) querying article 13300898...
(52 sec) "Issue: Bitbucket relies on the Referer HTTP header" - 312/500
(52 sec) querying article 13300891...
(56 sec) "How I converted my React app to VanillaJS" - 313/500
(56 sec) querying article 13300877...
(56 sec) "To the masters" - 314/500
(56 sec) querying article 13300871...
(56 sec) "2016 Computer Review" - 315/500
(56 sec) querying article 13300861...
(57 sec) "?Artificial Intelligence? Was the Fake News of 2016" - 316/500
(57 sec) querying article 13300843...
(66 sec) "Getting Started ? Freelance Diaries #1" - 317/500
(66 sec) querying article 13300833...
(66 sec) "Pros and Cons of Human like technologies" - 318/500
(66 sec) querying article 13300831...
(67 sec) "WhatsApp Is Testing Message Revoke and Edit  Features on Apple iOS" - 319/500
(67 sec) querying article 13300819...
(67 sec) "High-resolution satellite wallpapers" - 320/500
(67 sec) querying article 13300816...
(67 sec) "Intel Finds Moore?s Law?s Next Step at 10 Nanometers" - 321/500
(67 sec) querying article 13300808...
(68 sec) "Why Large Enterprises Are Acquiring Big Data Startups" - 322/500
(68 sec) querying article 13300791...
(68 sec) "2016: The Year We Stopped Listening to Big Tech?s Favorite Excuse" - 323/500
(68 sec) querying article 13300784...
(69 sec) "Show HN: Instant Bootstrap landing page with dynamic content" - 324/500
(69 sec) querying article 13300782...
(69 sec) "Hacking IoT" - 325/500
(69 sec) querying article 13300771...
(69 sec) "15 Chrome extensions that simplify web development" - 326/500
(69 sec) querying article 13300756...
(70 sec) "The RetractionWatch database" - 327/500
(70 sec) querying article 13300726...
(70 sec) "Ask HN: How do I gauge the value of stock options that I have been offered?" - 328/500
(70 sec) querying article 13300713...
(73 sec) "Tips and Tricks to Improve Your F# Library?s Public API" - 329/500
(73 sec) querying article 13300708...
(73 sec) "Purity in an impure language with the free monad" - 330/500
(73 sec) querying article 13300700...
(74 sec) "Why Rotation Makes No Sense Sometimes" - 331/500
(74 sec) querying article 13300698...
(83 sec) "Basic Category Theory" - 332/500
(83 sec) querying article 13300693...
(85 sec) "Can a big data strategy improve customer relationship?" - 333/500
(85 sec) querying article 13300689...
(85 sec) "Document hate: Monitoring hate, violence, and harassment in USA" - 334/500
(85 sec) querying article 13300688...
(86 sec) "Show HN: A container runtime implemented in x86_64 assembly" - 335/500
(86 sec) querying article 13300680...
(86 sec) "Cypress will change the way you develop" - 336/500
(86 sec) querying article 13300675...
(86 sec) "Pwning Lua through 'load'" - 337/500
(86 sec) querying article 13300661...
(88 sec) "Private Packagist" - 338/500
(88 sec) querying article 13300659...
(88 sec) "Show HN: High Quality Background Noises to Help Focus on a Task" - 339/500
(88 sec) querying article 13300656...
(88 sec) "Google Helping Mobile Publishing? Some Publishers Are Not So Sure" - 340/500
(88 sec) querying article 13300637...
(89 sec) "How a centuries old tradition made WeChat the everything app" - 341/500
(89 sec) querying article 13300625...
(110 sec) "Clojure: Using a JavaScript Charting Library in Reagent" - 342/500
(110 sec) querying article 13300614...
(110 sec) "Ask HN: Whar are some productivity hacks you use?" - 343/500
(110 sec) querying article 13300611...
(111 sec) "Nokia and Apple Trade Accusations in Patent Lawsuits" - 344/500
(111 sec) querying article 13300610...
(111 sec) "Ask HN: What is your's ?I would pay $5 to get that problem resolved?" - 345/500
(111 sec) querying article 13300598...
(111 sec) "Case study on building a business around local services" - 346/500
(111 sec) querying article 13300570...
(112 sec) "The Pentagon?s ?Encyclopedia of Ethical Failure?" - 347/500
(112 sec) querying article 13300553...
(112 sec) "Should You Go ?Serverless?? The Pros and Cons" - 348/500
(112 sec) querying article 13300543...
(112 sec) "Nathan Freitas: The Great Firewall Inverts (2015)" - 349/500
(112 sec) querying article 13300523...
(112 sec) "Does Sweden Really Have a Six Hour Working Day?" - 350/500
(112 sec) querying article 13300509...
(113 sec) "Show HN: How to Control Wireless Outlets with Amazon Echo" - 351/500
(113 sec) querying article 13300506...
(113 sec) "Quines (self-replicating programs)" - 352/500
(113 sec) querying article 13300504...
(113 sec) "Ask HN: How to balance getting ahead with life?" - 353/500
(113 sec) querying article 13300499...
(114 sec) "Collection of dev talks in 2016" - 354/500
(114 sec) querying article 13300498...
(114 sec) "Ok let me explain: it's going to be Angular 4.0, or just Angular" - 355/500
(114 sec) querying article 13300494...
(114 sec) "Countly Analytics 16.12 released" - 356/500
(114 sec) querying article 13300488...
(115 sec) "AWS S3 storage classes pricing is not what you think" - 357/500
(115 sec) querying article 13300468...
(115 sec) "The Quine Page (self-reproducing code)" - 358/500
(115 sec) querying article 13300457...
(116 sec) "A Look Back at Some of the Best Features Added to the Linux Kernel in 2016" - 359/500
(116 sec) querying article 13300452...
(116 sec) "New garden towns, villages: 200,000 homes to ease housing shortage (UK)" - 360/500
(116 sec) querying article 13300449...
(116 sec) "WWII-Era Spy Tech Could Make Ultra Secure Bank Cards" - 361/500
(116 sec) querying article 13300447...
(116 sec) "Nikolai Hampton: Analysis of Email List Integrity" - 362/500
(116 sec) querying article 13300445...
(117 sec) "BGA X-Ray Inspection| BGA Inspection at Solder.net" - 363/500
(117 sec) querying article 13300408...
(117 sec) "How to contact the Guardian securely: ?security and anonymity?" - 364/500
(117 sec) querying article 13300407...
(117 sec) "Deep Learning frameworks: a review before finishing 2016" - 365/500
(117 sec) querying article 13300390...
(118 sec) "Why Do Businesses Need Sales Lead Management Systems?" - 366/500
(118 sec) querying article 13300346...
(118 sec) "6LoWPAN vs. Zigbee: Which wireless mesh protocol technology is better?" - 367/500
(118 sec) querying article 13300326...
(118 sec) "Avatar-style S. Korean manned robot takes first baby steps" - 368/500
(118 sec) querying article 13300317...
(118 sec) "The Programmer?s Guide to Booking a Plane" - 369/500
(118 sec) querying article 13300316...
(119 sec) "Human park" - 370/500
(119 sec) querying article 13300315...
(119 sec) "How to form the world?s smallest self-assembling nanowires ? just 3 atoms wide" - 371/500
(119 sec) querying article 13300276...
(119 sec) "Learning React" - 372/500
(119 sec) querying article 13300273...
(120 sec) "Top Basic Income Articles of 2016" - 373/500
(120 sec) querying article 13300237...
(120 sec) "Future WebHPC and Parallel Programming with JavaScript" - 374/500
(120 sec) querying article 13300231...
(120 sec) "Launching a local Kubernetes lab using Minikube" - 375/500
(120 sec) querying article 13300193...
(121 sec) "Fridges and washing machines could be vital witnesses in murder plots" - 376/500
(121 sec) querying article 13300187...
(121 sec) "Vip ? Vi-Style Editor in PicoLisp" - 377/500
(121 sec) querying article 13300178...
(121 sec) "Ask HN: What is your side project for 2017?" - 378/500
(121 sec) querying article 13300147...
(121 sec) "Beautiful Mathematics in the Natural World" - 379/500
(121 sec) querying article 13300126...
(122 sec) "Monitoring Refrigerator with TI SensorTag" - 380/500
(122 sec) querying article 13300110...
(122 sec) "How to Evaluate PaaS Services" - 381/500
(122 sec) querying article 13300066...
(123 sec) "How to switch a stack without downtime" - 382/500
(123 sec) querying article 13300052...
(124 sec) "Wistron Steps Forward to Make Apple?s ?Made in India? Dream Come True" - 383/500
(124 sec) querying article 13300023...
(125 sec) "Ask HN: Excluding WordPress, what is your favorite for blogs or small stores?" - 384/500
(125 sec) querying article 13300021...
(126 sec) "2017: What scientific term or concept ought to be more widely known?" - 385/500
(126 sec) querying article 13300001...
(126 sec) "To Break a Phone Addiction, Turn Your Screen Gray" - 386/500
(126 sec) querying article 13299997...
(126 sec) "Ksm: fast and lightweight x64 VT-x hypervisor for Windows and Linux" - 387/500
(126 sec) querying article 13299988...
(126 sec) "12 Fun Facts About the Prime Number 2017" - 388/500
(126 sec) querying article 13299975...
(127 sec) "The Cancer Seed and Soil Hypothesis" - 389/500
(127 sec) querying article 13299973...
(127 sec) "OpenThread Sandbox Development Kit" - 390/500
(127 sec) querying article 13299971...
(128 sec) "Show HN: RediSearch, a Full-Text Search Redis Module" - 391/500
(128 sec) querying article 13299966...
(128 sec) "Chronological compilation on what's wrong with Facebook" - 392/500
(128 sec) querying article 13299965...
(128 sec) "State" - 393/500
(128 sec) querying article 13299964...
(129 sec) "Why Germans Can Say Things No One Else Can" - 394/500
(129 sec) querying article 13299953...
(129 sec) "Two factor authentication using EEG augmented passwords" - 395/500
(129 sec) querying article 13299948...
(129 sec) "?The age of humanism is ending" - 396/500
(129 sec) querying article 13299943...
(130 sec) "Interactive 3D Maps in Unity (game engine)" - 397/500
(130 sec) querying article 13299941...
(130 sec) "Watch Korea's mech take its first steps with a pilot on board" - 398/500
(130 sec) querying article 13299929...
(130 sec) "WebAudio meet WebGL" - 399/500
(130 sec) querying article 13299926...
(131 sec) "China Twitter boss leaves after seven months" - 400/500
(131 sec) querying article 13299922...
(131 sec) "Project COLDFEET" - 401/500
(131 sec) querying article 13299911...
(131 sec) "Interaction networks for learning about objects, relations and physics" - 402/500
(131 sec) querying article 13299893...
(131 sec) "Best Linux development laptop advice" - 403/500
(131 sec) querying article 13299876...
(132 sec) "3D Orchard" - 404/500
(132 sec) querying article 13299865...
(132 sec) "Any plan to learn Rust in 2017? This might be helpful for you" - 405/500
(132 sec) querying article 13299863...
(132 sec) "BI Dashboards: ?Design Once, Use Anywhere? What a Concept" - 406/500
(132 sec) querying article 13299858...
(133 sec) "Apple Said to Seek Lower Taxes to Start Manufacturing in India" - 407/500
(133 sec) querying article 13299839...
(133 sec) "How to waterproof a sensor" - 408/500
(133 sec) querying article 13299832...
(133 sec) "Rome is on the verge of collapse and needs urgent repairs (2015)" - 409/500
(133 sec) querying article 13299822...
(134 sec) "Nginx Optimizations" - 410/500
(134 sec) querying article 13299810...
(134 sec) "Elastic Beanstalk HTTPS configurations" - 411/500
(134 sec) querying article 13299804...
(134 sec) "How Jason Fried, CEO of Basecamp, Works" - 412/500
(134 sec) querying article 13299784...
(135 sec) "Top-Down Solution and Bottom-Up Problem Solving" - 413/500
(135 sec) querying article 13299769...
(135 sec) "Dell XPS 13" can now transform to tablet" - 414/500
(135 sec) querying article 13299745...
(135 sec) "The dirty secret about your clothes" - 415/500
(135 sec) querying article 13299728...
(135 sec) "Are there anything similar to BountySource out there?" - 416/500
(136 sec) querying article 13299713...
(136 sec) "Engineers imported from overseas as Australians struggle to find jobs" - 417/500
(136 sec) querying article 13299676...
(136 sec) "Jqplay.org now supports sharing `jq` snippets" - 418/500
(136 sec) querying article 13299673...
(136 sec) "Ask HN: Where's the best place to locate a data centre" - 419/500
(136 sec) querying article 13299668...
(138 sec) "Dividing a bit in two for performance" - 420/500
(138 sec) querying article 13299664...
(139 sec) "How Does Oculus Rift VR Work?: A Detailed Infographic Explanation" - 421/500
(139 sec) querying article 13299663...
(139 sec) "Finding ambiguities in context-free grammars" - 422/500
(140 sec) querying article 13299656...
(140 sec) "Security Without Borders" - 423/500
(140 sec) querying article 13299655...
(141 sec) "1How  to Prevent Oculus Rift Motion Sickness" - 424/500
(141 sec) querying article 13299646...
(142 sec) "Mudanga.com ? The African Market Now Live!!!" - 425/500
(142 sec) querying article 13299631...
(142 sec) "Ask HN: Healthiest places a software dev/data scientist would relocate to?" - 426/500
(142 sec) querying article 13299610...
(142 sec) "Show HN: Realtime logging for `now` and Node.js servers" - 427/500
(142 sec) querying article 13299604...
(142 sec) "Show HN: Chat Bot or Voice Command via Phone Call" - 428/500
(142 sec) querying article 13299590...
(143 sec) "Decision-tree" - 429/500
(143 sec) querying article 13299585...
(143 sec) "Lenovo ThinkPad T460 ? A Good Linux Laptop for Development" - 430/500
(143 sec) querying article 13299579...
(143 sec) "CreativeAI" - 431/500
(143 sec) querying article 13299562...
(144 sec) "Show HN: Jesi ? Hypermedia API Accelerator" - 432/500
(144 sec) querying article 13299550...
(144 sec) "The Fable of Edward Snowden" - 433/500
(144 sec) querying article 13299542...
(144 sec) "Side Project Mistakes Developers Make" - 434/500
(144 sec) querying article 13299527...
(145 sec) "10 Breakthrough Technologies of 2016: Where Are They Now?" - 435/500
(145 sec) querying article 13299526...
(145 sec) "VR Sculpting to 3D Prints with Gravity Sketch [video]" - 436/500
(145 sec) querying article 13299484...
(146 sec) "Mining 24 hrs a day with robots" - 437/500
(146 sec) querying article 13299482...
(146 sec) "The 2016 WeChat Data Report" - 438/500
(146 sec) querying article 13299481...
(148 sec) "How do SO_REUSEADDR and SO_REUSEPORT differ?" - 439/500
(148 sec) querying article 13299479...
(148 sec) "Three.js editor" - 440/500
(148 sec) querying article 13299471...
(153 sec) "Cold War Sex, Cold War Secrecy (2012)" - 441/500
(153 sec) querying article 13299423...
(153 sec) "Solving the Impossible Puzzle with PostgreSQL" - 442/500
(153 sec) querying article 13299413...
(154 sec) "17 open source IoT projects to work on in 2017" - 443/500
(154 sec) querying article 13299400...
(154 sec) "What the World Got Wrong About Kareem Abdul-Jabbar" - 444/500
(154 sec) querying article 13299393...
(154 sec) "Everything You Need to Know About Bharat Interface for Money ? BHIM App" - 445/500
(154 sec) querying article 13299355...
(155 sec) "Infrastructure boilerplate" - 446/500
(155 sec) querying article 13299338...
(155 sec) "Palantir could help power ?extreme vetting? of immigrants" - 447/500
(155 sec) querying article 13299332...
(155 sec) "This Year in Ruma, 2016" - 448/500
(155 sec) querying article 13299331...
(156 sec) "Browsix: Bridging the Gap Between Unix and the Browser" - 449/500
(156 sec) querying article 13299315...
(156 sec) "Looking for a Co-founder ? H1 2017" - 450/500
(156 sec) querying article 13299311...
(157 sec) "Why do traders in investment banks feel their jobs are immune from AI, etc?" - 451/500
(157 sec) querying article 13299287...
(157 sec) "In Greenland, a once doubtful scientist witnesses climate change's toll" - 452/500
(157 sec) querying article 13299272...
(157 sec) "10 Most Scientifically Relaxing Songs in the World" - 453/500
(157 sec) querying article 13299254...
(158 sec) "The ?Bus Test? Considered Harmful" - 454/500
(158 sec) querying article 13299243...
(158 sec) "Lose Lose" - 455/500
(158 sec) querying article 13299202...
(159 sec) "Ugh, Code ? A JavaScript Primer for the Slightly Less Enthused" - 456/500
(159 sec) querying article 13299194...
(159 sec) "Echo ? Assembly program that prints the first positional argument to stdout" - 457/500
(159 sec) querying article 13299193...
(159 sec) "How I converted my React app to VanillaJS" - 458/500
(159 sec) querying article 13299170...
(160 sec) "Ask HN: I am cheated by rpl-it.com" - 459/500
(160 sec) querying article 13299157...
(160 sec) "2017: 12 Projects in 12 Months" - 460/500
(160 sec) querying article 13299153...
(160 sec) "Accurate session duration tracking with Google Analytics" - 461/500
(161 sec) querying article 13299139...
(161 sec) "Chicken Hypnotism" - 462/500
(161 sec) querying article 13299126...
(161 sec) "Programmed Introduction to MIPS Assembly Language" - 463/500
(161 sec) querying article 13299113...
(162 sec) "Write down a command-line to see the help text that matches each argument" - 464/500
(162 sec) querying article 13299108...
(162 sec) "Speculative Bitcoin Adoption/Price Theory" - 465/500
(162 sec) querying article 13299087...
(162 sec) "Can the FCC Regulate HBO? (2004)" - 466/500
(162 sec) querying article 13299081...
(163 sec) "Animated GIFs of intricate Japanese wood joinery" - 467/500
(163 sec) querying article 13299056...
(163 sec) "David Foster Wallace?s Struggle to Surpass ?Infinite Jest?" - 468/500
(163 sec) querying article 13299051...
(163 sec) "Paris from Camus?s Notebooks" - 469/500
(163 sec) querying article 13299034...
(164 sec) "Algorithms: Ai?s Creepy Control Must Be Open to Inspection" - 470/500
(164 sec) querying article 13299021...
(164 sec) "Ask HN: Which E-mail hosting and CRM do you use for your startup?" - 471/500
(164 sec) querying article 13299012...
(164 sec) "Netflix Could Be Practical Magic for Disney" - 472/500
(164 sec) querying article 13299005...
(165 sec) "Thai line breaking: how to break Thai text effectively" - 473/500
(165 sec) querying article 13298995...
(165 sec) "Towards Haskell in the Cloud (2011) [pdf]" - 474/500
(165 sec) querying article 13298982...
(165 sec) "Interview with Linda Rising" - 475/500
(165 sec) querying article 13298979...
(166 sec) "Carrie Fisher on Sharing Her Private Life, and on Her Mother, Debbie Reynolds" - 476/500
(166 sec) querying article 13298978...
(166 sec) "The Soccer Mom Problem: How Parents Fail" - 477/500
(166 sec) querying article 13298976...
(166 sec) "The Rise of Political Correctness" - 478/500
(166 sec) querying article 13298950...
(167 sec) "Microsoft Trackball Explorer ? The World?s Most Comfortable Trackball (2007)" - 479/500
(167 sec) querying article 13298947...
(167 sec) "Ask HN: Why are flash memory prices going down so much faster than RAM?" - 480/500
(167 sec) querying article 13298937...
(167 sec) "Credit-Card Scammers Flock to Online Shopping" - 481/500
(167 sec) querying article 13298924...
(167 sec) "Supervolcano Campi Flegrei Stirs Under Naples Italy" - 482/500
(167 sec) querying article 13298905...
(168 sec) "Tony Hsieh on what he would have changed about $350M downtown Las Vegas project" - 483/500
(168 sec) querying article 13298893...
(168 sec) "ApoE4 variant that triggers early onset Alzheimers protects against parasites" - 484/500
(168 sec) querying article 13298889...
(168 sec) "Show HN: Hosting from GitHub, like GitHub pages with auth" - 485/500
(168 sec) querying article 13298878...
(169 sec) "What is going to happen in 2017" - 486/500
(169 sec) querying article 13298859...
(169 sec) "Instant messaging is a thorn in modern society" - 487/500
(169 sec) querying article 13298843...
(169 sec) "Show HN: Latency Between AWS Regions" - 488/500
(169 sec) querying article 13298841...
(169 sec) "Ask HN: Thoughts on making desktop apps with web tech" - 489/500
(169 sec) querying article 13298839...
(170 sec) "C Programming Boot Camp" - 490/500
(170 sec) querying article 13298835...
(170 sec) "Technocratic Despotism: when startups become crony capitalists" - 491/500
(170 sec) querying article 13298829...
(170 sec) "Ask HN: When does traffic return to normal on HN post Christmas?" - 492/500
(170 sec) querying article 13298825...
(171 sec) "Why your smartphone doesn't belong in meetings" - 493/500
(171 sec) querying article 13298821...
(171 sec) "Show HN: Drop a Pin from Street View to the Lat/Long (Chrome Extension)" - 494/500
(171 sec) querying article 13298820...
(171 sec) "$2T in Proceeds of Corruption Removed from China and Taken to US, AUS, CAN, NL" - 495/500
(171 sec) querying article 13298812...
(172 sec) "DeepLearning.scala, a toolkit aimed to create complex neural networks" - 496/500
(172 sec) querying article 13298794...
(172 sec) "The Three Laws of Robotics in the Age of Big Data [pdf]" - 497/500
(172 sec) querying article 13298782...
(172 sec) "Analyzing Java memory usage in a Docker container" - 498/500
(172 sec) querying article 13298777...
(173 sec) "Is Academic Medicine for Sale?" - 499/500
(173 sec) querying article 13298754...
(173 sec) "Tesla Rolling Out Autopilot Software Updates to 1000 Cars" - 500/500

(173 sec) Scrape completed successfully!

