
# Opened logfile.
Attempting to sleep...
Slept successfully!

# Opened logfile.
Attempting to sleep...
Slept successfully!

# Opened logfile.
Attempting to sleep...
Slept successfully!

# Opened logfile. (2017-01-03 15:07:17.650745)
Attempting to sleep...
Slept successfully!
# Closing logfile.
# Opened logfile. (2017-01-04 13:40:40.062740)
Attempting to sleep...
Slept successfully!
# Closing logfile.
# Opened logfile. (2017-01-04 13:41:06.945089)
Attempting to sleep...
Slept successfully!
# Closing logfile.

# Opened logfile. (2017-01-04 13:41:07.671449)
Attempting to sleep...
Slept successfully!
# Closing logfile.
